Change Dir: 'C:/Projects/l4-loadbalancer/vcpkg_installed/vcpkg/blds/boost-functional/x64-windows-rel'

Run Build Command(s): "C:/Users/MRATUNJAI SINGH/AppData/Local/vcpkg/downloads/tools/ninja/1.13.1-windows/ninja.exe" -v -v -j9 install
[0/1] C:\Windows\system32\cmd.exe /C "cd /D C:\Projects\l4-loadbalancer\vcpkg_installed\vcpkg\blds\boost-functional\x64-windows-rel && "C:\Program Files\CMake\bin\cmake.exe" -P cmake_install.cmake"
-- Install configuration: "Release"
-- Installing: C:/Projects/l4-loadbalancer/vcpkg_installed/vcpkg/pkgs/boost-functional_x64-windows/include
-- Installing: C:/Projects/l4-loadbalancer/vcpkg_installed/vcpkg/pkgs/boost-functional_x64-windows/include/boost
-- Installing: C:/Projects/l4-loadbalancer/vcpkg_installed/vcpkg/pkgs/boost-functional_x64-windows/include/boost/functional
-- Installing: C:/Projects/l4-loadbalancer/vcpkg_installed/vcpkg/pkgs/boost-functional_x64-windows/include/boost/functional/factory.hpp
-- Installing: C:/Projects/l4-loadbalancer/vcpkg_installed/vcpkg/pkgs/boost-functional_x64-windows/include/boost/functional/forward_adapter.hpp
-- Installing: C:/Projects/l4-loadbalancer/vcpkg_installed/vcpkg/pkgs/boost-functional_x64-windows/include/boost/functional/identity.hpp
-- Installing: C:/Projects/l4-loadbalancer/vcpkg_installed/vcpkg/pkgs/boost-functional_x64-windows/include/boost/functional/lightweight_forward_adapter.hpp
-- Installing: C:/Projects/l4-loadbalancer/vcpkg_installed/vcpkg/pkgs/boost-functional_x64-windows/include/boost/functional/overloaded_function
-- Installing: C:/Projects/l4-loadbalancer/vcpkg_installed/vcpkg/pkgs/boost-functional_x64-windows/include/boost/functional/overloaded_function/config.hpp
-- Installing: C:/Projects/l4-loadbalancer/vcpkg_installed/vcpkg/pkgs/boost-functional_x64-windows/include/boost/functional/overloaded_function/detail
-- Installing: C:/Projects/l4-loadbalancer/vcpkg_installed/vcpkg/pkgs/boost-functional_x64-windows/include/boost/functional/overloaded_function/detail/base.hpp
-- Installing: C:/Projects/l4-loadbalancer/vcpkg_installed/vcpkg/pkgs/boost-functional_x64-windows/include/boost/functional/overloaded_function/detail/function_type.hpp
-- Installing: C:/Projects/l4-loadbalancer/vcpkg_installed/vcpkg/pkgs/boost-functional_x64-windows/include/boost/functional/overloaded_function.hpp
-- Installing: C:/Projects/l4-loadbalancer/vcpkg_installed/vcpkg/pkgs/boost-functional_x64-windows/include/boost/functional/value_factory.hpp
-- Installing: C:/Projects/l4-loadbalancer/vcpkg_installed/vcpkg/pkgs/boost-functional_x64-windows/include/boost/functional.hpp
-- Installing: C:/Projects/l4-loadbalancer/vcpkg_installed/vcpkg/pkgs/boost-functional_x64-windows/lib/cmake/boost_functional-1.90.0/boost_functional-targets.cmake
-- Installing: C:/Projects/l4-loadbalancer/vcpkg_installed/vcpkg/pkgs/boost-functional_x64-windows/lib/cmake/boost_functional-1.90.0/boost_functional-config.cmake
-- Installing: C:/Projects/l4-loadbalancer/vcpkg_installed/vcpkg/pkgs/boost-functional_x64-windows/lib/cmake/boost_functional-1.90.0/boost_functional-config-version.cmake

