Change Dir: 'C:/Projects/l4-loadbalancer/vcpkg_installed/vcpkg/blds/boost-context/x64-windows-rel'

Run Build Command(s): "C:/Users/MRATUNJAI SINGH/AppData/Local/vcpkg/downloads/tools/ninja/1.13.1-windows/ninja.exe" -v -v -j9 install
[1/7] C:\PROGRA~1\MIB055~1\18\COMMUN~1\VC\Tools\MSVC\1450~1.357\bin\Hostx64\x64\ml64.exe -DBOOST_CONTEXT_DYN_LINK="" -DBOOST_CONTEXT_EXPORT=EXPORT -DBOOST_CONTEXT_NO_LIB="" -DBOOST_CONTEXT_SOURCE="" -Dboost_context_EXPORTS -IC:\Projects\l4-loadbalancer\vcpkg_installed\vcpkg\blds\boost-context\src\ost-1.90.0-839325c354.clean\libs\context\include -IC:\Projects\l4-loadbalancer\vcpkg_installed\x64-windows\include /nologo /quiet -c -Fo libs\context\CMakeFiles\boost_context.dir\src\asm\make_x86_64_ms_pe_masm.asm.obj C:\Projects\l4-loadbalancer\vcpkg_installed\vcpkg\blds\boost-context\src\ost-1.90.0-839325c354.clean\libs\context\src\asm\make_x86_64_ms_pe_masm.asm
[2/7] C:\PROGRA~1\MIB055~1\18\COMMUN~1\VC\Tools\MSVC\1450~1.357\bin\Hostx64\x64\ml64.exe -DBOOST_CONTEXT_DYN_LINK="" -DBOOST_CONTEXT_EXPORT=EXPORT -DBOOST_CONTEXT_NO_LIB="" -DBOOST_CONTEXT_SOURCE="" -Dboost_context_EXPORTS -IC:\Projects\l4-loadbalancer\vcpkg_installed\vcpkg\blds\boost-context\src\ost-1.90.0-839325c354.clean\libs\context\include -IC:\Projects\l4-loadbalancer\vcpkg_installed\x64-windows\include /nologo /quiet -c -Fo libs\context\CMakeFiles\boost_context.dir\src\asm\jump_x86_64_ms_pe_masm.asm.obj C:\Projects\l4-loadbalancer\vcpkg_installed\vcpkg\blds\boost-context\src\ost-1.90.0-839325c354.clean\libs\context\src\asm\jump_x86_64_ms_pe_masm.asm
[3/7] C:\PROGRA~1\MIB055~1\18\COMMUN~1\VC\Tools\MSVC\1450~1.357\bin\Hostx64\x64\ml64.exe -DBOOST_CONTEXT_DYN_LINK="" -DBOOST_CONTEXT_EXPORT=EXPORT -DBOOST_CONTEXT_NO_LIB="" -DBOOST_CONTEXT_SOURCE="" -Dboost_context_EXPORTS -IC:\Projects\l4-loadbalancer\vcpkg_installed\vcpkg\blds\boost-context\src\ost-1.90.0-839325c354.clean\libs\context\include -IC:\Projects\l4-loadbalancer\vcpkg_installed\x64-windows\include /nologo /quiet -c -Fo libs\context\CMakeFiles\boost_context.dir\src\asm\ontop_x86_64_ms_pe_masm.asm.obj C:\Projects\l4-loadbalancer\vcpkg_installed\vcpkg\blds\boost-context\src\ost-1.90.0-839325c354.clean\libs\context\src\asm\ontop_x86_64_ms_pe_masm.asm
[4/7] C:\PROGRA~1\MIB055~1\18\COMMUN~1\VC\Tools\MSVC\1450~1.357\bin\Hostx64\x64\cl.exe   /TP -DBOOST_CONTEXT_DYN_LINK="" -DBOOST_CONTEXT_EXPORT=EXPORT -DBOOST_CONTEXT_NO_LIB="" -DBOOST_CONTEXT_SOURCE="" -Dboost_context_EXPORTS -IC:\Projects\l4-loadbalancer\vcpkg_installed\vcpkg\blds\boost-context\src\ost-1.90.0-839325c354.clean\libs\context\include -external:IC:\Projects\l4-loadbalancer\vcpkg_installed\x64-windows\include -external:W0 /nologo /DWIN32 /D_WINDOWS /utf-8 /GR /EHsc /MP  /MD /O2 /Oi /Gy /DNDEBUG /Z7  -MD /showIncludes /Folibs\context\CMakeFiles\boost_context.dir\src\fcontext.cpp.obj /Fdlibs\context\CMakeFiles\boost_context.dir\ /FS -c C:\Projects\l4-loadbalancer\vcpkg_installed\vcpkg\blds\boost-context\src\ost-1.90.0-839325c354.clean\libs\context\src\fcontext.cpp
[5/7] C:\PROGRA~1\MIB055~1\18\COMMUN~1\VC\Tools\MSVC\1450~1.357\bin\Hostx64\x64\cl.exe   /TP -DBOOST_CONTEXT_DYN_LINK="" -DBOOST_CONTEXT_EXPORT=EXPORT -DBOOST_CONTEXT_NO_LIB="" -DBOOST_CONTEXT_SOURCE="" -Dboost_context_EXPORTS -IC:\Projects\l4-loadbalancer\vcpkg_installed\vcpkg\blds\boost-context\src\ost-1.90.0-839325c354.clean\libs\context\include -external:IC:\Projects\l4-loadbalancer\vcpkg_installed\x64-windows\include -external:W0 /nologo /DWIN32 /D_WINDOWS /utf-8 /GR /EHsc /MP  /MD /O2 /Oi /Gy /DNDEBUG /Z7  -MD /showIncludes /Folibs\context\CMakeFiles\boost_context.dir\src\windows\stack_traits.cpp.obj /Fdlibs\context\CMakeFiles\boost_context.dir\ /FS -c C:\Projects\l4-loadbalancer\vcpkg_installed\vcpkg\blds\boost-context\src\ost-1.90.0-839325c354.clean\libs\context\src\windows\stack_traits.cpp
[6/7] C:\Windows\system32\cmd.exe /C "cd . && "C:\Program Files\CMake\bin\cmake.exe" -E vs_link_dll --msvc-ver=1950 --intdir=libs\context\CMakeFiles\boost_context.dir --rc=C:\PROGRA~2\WI3CF2~1\10\bin\100261~1.0\x64\rc.exe --mt=C:\PROGRA~2\WI3CF2~1\10\bin\100261~1.0\x64\mt.exe --manifests  -- C:\PROGRA~1\MIB055~1\18\COMMUN~1\VC\Tools\MSVC\1450~1.357\bin\Hostx64\x64\link.exe  libs\context\CMakeFiles\boost_context.dir\src\asm\make_x86_64_ms_pe_masm.asm.obj libs\context\CMakeFiles\boost_context.dir\src\asm\jump_x86_64_ms_pe_masm.asm.obj libs\context\CMakeFiles\boost_context.dir\src\asm\ontop_x86_64_ms_pe_masm.asm.obj libs\context\CMakeFiles\boost_context.dir\src\fcontext.cpp.obj libs\context\CMakeFiles\boost_context.dir\src\windows\stack_traits.cpp.obj  /out:stage\bin\boost_context-vc145-mt-x64-1_90.dll /implib:stage\lib\boost_context-vc145-mt-x64-1_90.lib /pdb:stage\bin\boost_context-vc145-mt-x64-1_90.pdb /dll /version:1.90 /machine:x64 /nologo /DEBUG /INCREMENTAL:NO /OPT:REF /OPT:ICF  kernel32.lib user32.lib gdi32.lib winspool.lib shell32.lib ole32.lib oleaut32.lib uuid.lib comdlg32.lib advapi32.lib && cd ."
[6/7] C:\Windows\system32\cmd.exe /C "cd /D C:\Projects\l4-loadbalancer\vcpkg_installed\vcpkg\blds\boost-context\x64-windows-rel && "C:\Program Files\CMake\bin\cmake.exe" -P cmake_install.cmake"
-- Install configuration: "Release"
-- Installing: C:/Projects/l4-loadbalancer/vcpkg_installed/vcpkg/pkgs/boost-context_x64-windows/include
-- Installing: C:/Projects/l4-loadbalancer/vcpkg_installed/vcpkg/pkgs/boost-context_x64-windows/include/boost
-- Installing: C:/Projects/l4-loadbalancer/vcpkg_installed/vcpkg/pkgs/boost-context_x64-windows/include/boost/context
-- Installing: C:/Projects/l4-loadbalancer/vcpkg_installed/vcpkg/pkgs/boost-context_x64-windows/include/boost/context/continuation.hpp
-- Installing: C:/Projects/l4-loadbalancer/vcpkg_installed/vcpkg/pkgs/boost-context_x64-windows/include/boost/context/continuation_fcontext.hpp
-- Installing: C:/Projects/l4-loadbalancer/vcpkg_installed/vcpkg/pkgs/boost-context_x64-windows/include/boost/context/continuation_ucontext.hpp
-- Installing: C:/Projects/l4-loadbalancer/vcpkg_installed/vcpkg/pkgs/boost-context_x64-windows/include/boost/context/continuation_winfib.hpp
-- Installing: C:/Projects/l4-loadbalancer/vcpkg_installed/vcpkg/pkgs/boost-context_x64-windows/include/boost/context/detail
-- Installing: C:/Projects/l4-loadbalancer/vcpkg_installed/vcpkg/pkgs/boost-context_x64-windows/include/boost/context/detail/apply.hpp
-- Installing: C:/Projects/l4-loadbalancer/vcpkg_installed/vcpkg/pkgs/boost-context_x64-windows/include/boost/context/detail/config.hpp
-- Installing: C:/Projects/l4-loadbalancer/vcpkg_installed/vcpkg/pkgs/boost-context_x64-windows/include/boost/context/detail/disable_overload.hpp
-- Installing: C:/Projects/l4-loadbalancer/vcpkg_installed/vcpkg/pkgs/boost-context_x64-windows/include/boost/context/detail/exception.hpp
-- Installing: C:/Projects/l4-loadbalancer/vcpkg_installed/vcpkg/pkgs/boost-context_x64-windows/include/boost/context/detail/exchange.hpp
-- Installing: C:/Projects/l4-loadbalancer/vcpkg_installed/vcpkg/pkgs/boost-context_x64-windows/include/boost/context/detail/externc.hpp
-- Installing: C:/Projects/l4-loadbalancer/vcpkg_installed/vcpkg/pkgs/boost-context_x64-windows/include/boost/context/detail/fcontext.hpp
-- Installing: C:/Projects/l4-loadbalancer/vcpkg_installed/vcpkg/pkgs/boost-context_x64-windows/include/boost/context/detail/index_sequence.hpp
-- Installing: C:/Projects/l4-loadbalancer/vcpkg_installed/vcpkg/pkgs/boost-context_x64-windows/include/boost/context/detail/invoke.hpp
-- Installing: C:/Projects/l4-loadbalancer/vcpkg_installed/vcpkg/pkgs/boost-context_x64-windows/include/boost/context/detail/prefetch.hpp
-- Installing: C:/Projects/l4-loadbalancer/vcpkg_installed/vcpkg/pkgs/boost-context_x64-windows/include/boost/context/detail/tuple.hpp
-- Installing: C:/Projects/l4-loadbalancer/vcpkg_installed/vcpkg/pkgs/boost-context_x64-windows/include/boost/context/fiber.hpp
-- Installing: C:/Projects/l4-loadbalancer/vcpkg_installed/vcpkg/pkgs/boost-context_x64-windows/include/boost/context/fiber_fcontext.hpp
-- Installing: C:/Projects/l4-loadbalancer/vcpkg_installed/vcpkg/pkgs/boost-context_x64-windows/include/boost/context/fiber_ucontext.hpp
-- Installing: C:/Projects/l4-loadbalancer/vcpkg_installed/vcpkg/pkgs/boost-context_x64-windows/include/boost/context/fiber_winfib.hpp
-- Installing: C:/Projects/l4-loadbalancer/vcpkg_installed/vcpkg/pkgs/boost-context_x64-windows/include/boost/context/fixedsize_stack.hpp
-- Installing: C:/Projects/l4-loadbalancer/vcpkg_installed/vcpkg/pkgs/boost-context_x64-windows/include/boost/context/flags.hpp
-- Installing: C:/Projects/l4-loadbalancer/vcpkg_installed/vcpkg/pkgs/boost-context_x64-windows/include/boost/context/pooled_fixedsize_stack.hpp
-- Installing: C:/Projects/l4-loadbalancer/vcpkg_installed/vcpkg/pkgs/boost-context_x64-windows/include/boost/context/posix
-- Installing: C:/Projects/l4-loadbalancer/vcpkg_installed/vcpkg/pkgs/boost-context_x64-windows/include/boost/context/posix/protected_fixedsize_stack.hpp
-- Installing: C:/Projects/l4-loadbalancer/vcpkg_installed/vcpkg/pkgs/boost-context_x64-windows/include/boost/context/posix/segmented_stack.hpp
-- Installing: C:/Projects/l4-loadbalancer/vcpkg_installed/vcpkg/pkgs/boost-context_x64-windows/include/boost/context/preallocated.hpp
-- Installing: C:/Projects/l4-loadbalancer/vcpkg_installed/vcpkg/pkgs/boost-context_x64-windows/include/boost/context/protected_fixedsize_stack.hpp
-- Installing: C:/Projects/l4-loadbalancer/vcpkg_installed/vcpkg/pkgs/boost-context_x64-windows/include/boost/context/segmented_stack.hpp
-- Installing: C:/Projects/l4-loadbalancer/vcpkg_installed/vcpkg/pkgs/boost-context_x64-windows/include/boost/context/stack_context.hpp
-- Installing: C:/Projects/l4-loadbalancer/vcpkg_installed/vcpkg/pkgs/boost-context_x64-windows/include/boost/context/stack_traits.hpp
-- Installing: C:/Projects/l4-loadbalancer/vcpkg_installed/vcpkg/pkgs/boost-context_x64-windows/include/boost/context/windows
-- Installing: C:/Projects/l4-loadbalancer/vcpkg_installed/vcpkg/pkgs/boost-context_x64-windows/include/boost/context/windows/protected_fixedsize_stack.hpp
-- Installing: C:/Projects/l4-loadbalancer/vcpkg_installed/vcpkg/pkgs/boost-context_x64-windows/lib/boost_context-vc145-mt-x64-1_90.lib
-- Installing: C:/Projects/l4-loadbalancer/vcpkg_installed/vcpkg/pkgs/boost-context_x64-windows/bin/boost_context-vc145-mt-x64-1_90.dll
-- Installing: C:/Projects/l4-loadbalancer/vcpkg_installed/vcpkg/pkgs/boost-context_x64-windows/bin/boost_context-vc145-mt-x64-1_90.pdb
-- Installing: C:/Projects/l4-loadbalancer/vcpkg_installed/vcpkg/pkgs/boost-context_x64-windows/lib/cmake/boost_context-1.90.0/boost_context-targets.cmake
-- Installing: C:/Projects/l4-loadbalancer/vcpkg_installed/vcpkg/pkgs/boost-context_x64-windows/lib/cmake/boost_context-1.90.0/boost_context-targets-release.cmake
-- Installing: C:/Projects/l4-loadbalancer/vcpkg_installed/vcpkg/pkgs/boost-context_x64-windows/lib/cmake/boost_context-1.90.0/boost_context-config.cmake
-- Installing: C:/Projects/l4-loadbalancer/vcpkg_installed/vcpkg/pkgs/boost-context_x64-windows/lib/cmake/boost_context-1.90.0/boost_context-config-version.cmake

