Change Dir: 'C:/Projects/l4-loadbalancer/vcpkg_installed/vcpkg/blds/boost-smart-ptr/x64-windows-rel'

Run Build Command(s): "C:/Users/MRATUNJAI SINGH/AppData/Local/vcpkg/downloads/tools/ninja/1.13.1-windows/ninja.exe" -v -v -j9 install
[0/1] C:\Windows\system32\cmd.exe /C "cd /D C:\Projects\l4-loadbalancer\vcpkg_installed\vcpkg\blds\boost-smart-ptr\x64-windows-rel && "C:\Program Files\CMake\bin\cmake.exe" -P cmake_install.cmake"
-- Install configuration: "Release"
-- Installing: C:/Projects/l4-loadbalancer/vcpkg_installed/vcpkg/pkgs/boost-smart-ptr_x64-windows/include
-- Installing: C:/Projects/l4-loadbalancer/vcpkg_installed/vcpkg/pkgs/boost-smart-ptr_x64-windows/include/boost
-- Installing: C:/Projects/l4-loadbalancer/vcpkg_installed/vcpkg/pkgs/boost-smart-ptr_x64-windows/include/boost/detail
-- Installing: C:/Projects/l4-loadbalancer/vcpkg_installed/vcpkg/pkgs/boost-smart-ptr_x64-windows/include/boost/detail/atomic_count.hpp
-- Installing: C:/Projects/l4-loadbalancer/vcpkg_installed/vcpkg/pkgs/boost-smart-ptr_x64-windows/include/boost/detail/lightweight_mutex.hpp
-- Installing: C:/Projects/l4-loadbalancer/vcpkg_installed/vcpkg/pkgs/boost-smart-ptr_x64-windows/include/boost/detail/lightweight_thread.hpp
-- Installing: C:/Projects/l4-loadbalancer/vcpkg_installed/vcpkg/pkgs/boost-smart-ptr_x64-windows/include/boost/detail/quick_allocator.hpp
-- Installing: C:/Projects/l4-loadbalancer/vcpkg_installed/vcpkg/pkgs/boost-smart-ptr_x64-windows/include/boost/enable_shared_from_this.hpp
-- Installing: C:/Projects/l4-loadbalancer/vcpkg_installed/vcpkg/pkgs/boost-smart-ptr_x64-windows/include/boost/intrusive_ptr.hpp
-- Installing: C:/Projects/l4-loadbalancer/vcpkg_installed/vcpkg/pkgs/boost-smart-ptr_x64-windows/include/boost/make_shared.hpp
-- Installing: C:/Projects/l4-loadbalancer/vcpkg_installed/vcpkg/pkgs/boost-smart-ptr_x64-windows/include/boost/make_unique.hpp
-- Installing: C:/Projects/l4-loadbalancer/vcpkg_installed/vcpkg/pkgs/boost-smart-ptr_x64-windows/include/boost/pointer_cast.hpp
-- Installing: C:/Projects/l4-loadbalancer/vcpkg_installed/vcpkg/pkgs/boost-smart-ptr_x64-windows/include/boost/pointer_to_other.hpp
-- Installing: C:/Projects/l4-loadbalancer/vcpkg_installed/vcpkg/pkgs/boost-smart-ptr_x64-windows/include/boost/scoped_array.hpp
-- Installing: C:/Projects/l4-loadbalancer/vcpkg_installed/vcpkg/pkgs/boost-smart-ptr_x64-windows/include/boost/scoped_ptr.hpp
-- Installing: C:/Projects/l4-loadbalancer/vcpkg_installed/vcpkg/pkgs/boost-smart-ptr_x64-windows/include/boost/shared_array.hpp
-- Installing: C:/Projects/l4-loadbalancer/vcpkg_installed/vcpkg/pkgs/boost-smart-ptr_x64-windows/include/boost/shared_ptr.hpp
-- Installing: C:/Projects/l4-loadbalancer/vcpkg_installed/vcpkg/pkgs/boost-smart-ptr_x64-windows/include/boost/smart_ptr
-- Installing: C:/Projects/l4-loadbalancer/vcpkg_installed/vcpkg/pkgs/boost-smart-ptr_x64-windows/include/boost/smart_ptr/allocate_local_shared_array.hpp
-- Installing: C:/Projects/l4-loadbalancer/vcpkg_installed/vcpkg/pkgs/boost-smart-ptr_x64-windows/include/boost/smart_ptr/allocate_shared_array.hpp
-- Installing: C:/Projects/l4-loadbalancer/vcpkg_installed/vcpkg/pkgs/boost-smart-ptr_x64-windows/include/boost/smart_ptr/allocate_unique.hpp
-- Installing: C:/Projects/l4-loadbalancer/vcpkg_installed/vcpkg/pkgs/boost-smart-ptr_x64-windows/include/boost/smart_ptr/atomic_shared_ptr.hpp
-- Installing: C:/Projects/l4-loadbalancer/vcpkg_installed/vcpkg/pkgs/boost-smart-ptr_x64-windows/include/boost/smart_ptr/bad_weak_ptr.hpp
-- Installing: C:/Projects/l4-loadbalancer/vcpkg_installed/vcpkg/pkgs/boost-smart-ptr_x64-windows/include/boost/smart_ptr/detail
-- Installing: C:/Projects/l4-loadbalancer/vcpkg_installed/vcpkg/pkgs/boost-smart-ptr_x64-windows/include/boost/smart_ptr/detail/atomic_count.hpp
-- Installing: C:/Projects/l4-loadbalancer/vcpkg_installed/vcpkg/pkgs/boost-smart-ptr_x64-windows/include/boost/smart_ptr/detail/atomic_count_nt.hpp
-- Installing: C:/Projects/l4-loadbalancer/vcpkg_installed/vcpkg/pkgs/boost-smart-ptr_x64-windows/include/boost/smart_ptr/detail/atomic_count_std_atomic.hpp
-- Installing: C:/Projects/l4-loadbalancer/vcpkg_installed/vcpkg/pkgs/boost-smart-ptr_x64-windows/include/boost/smart_ptr/detail/deprecated_macros.hpp
-- Installing: C:/Projects/l4-loadbalancer/vcpkg_installed/vcpkg/pkgs/boost-smart-ptr_x64-windows/include/boost/smart_ptr/detail/lightweight_mutex.hpp
-- Installing: C:/Projects/l4-loadbalancer/vcpkg_installed/vcpkg/pkgs/boost-smart-ptr_x64-windows/include/boost/smart_ptr/detail/lightweight_thread.hpp
-- Installing: C:/Projects/l4-loadbalancer/vcpkg_installed/vcpkg/pkgs/boost-smart-ptr_x64-windows/include/boost/smart_ptr/detail/local_counted_base.hpp
-- Installing: C:/Projects/l4-loadbalancer/vcpkg_installed/vcpkg/pkgs/boost-smart-ptr_x64-windows/include/boost/smart_ptr/detail/local_sp_deleter.hpp
-- Installing: C:/Projects/l4-loadbalancer/vcpkg_installed/vcpkg/pkgs/boost-smart-ptr_x64-windows/include/boost/smart_ptr/detail/lwm_std_mutex.hpp
-- Installing: C:/Projects/l4-loadbalancer/vcpkg_installed/vcpkg/pkgs/boost-smart-ptr_x64-windows/include/boost/smart_ptr/detail/quick_allocator.hpp
-- Installing: C:/Projects/l4-loadbalancer/vcpkg_installed/vcpkg/pkgs/boost-smart-ptr_x64-windows/include/boost/smart_ptr/detail/shared_count.hpp
-- Installing: C:/Projects/l4-loadbalancer/vcpkg_installed/vcpkg/pkgs/boost-smart-ptr_x64-windows/include/boost/smart_ptr/detail/spinlock.hpp
-- Installing: C:/Projects/l4-loadbalancer/vcpkg_installed/vcpkg/pkgs/boost-smart-ptr_x64-windows/include/boost/smart_ptr/detail/spinlock_gcc_atomic.hpp
-- Installing: C:/Projects/l4-loadbalancer/vcpkg_installed/vcpkg/pkgs/boost-smart-ptr_x64-windows/include/boost/smart_ptr/detail/spinlock_pool.hpp
-- Installing: C:/Projects/l4-loadbalancer/vcpkg_installed/vcpkg/pkgs/boost-smart-ptr_x64-windows/include/boost/smart_ptr/detail/spinlock_std_atomic.hpp
-- Installing: C:/Projects/l4-loadbalancer/vcpkg_installed/vcpkg/pkgs/boost-smart-ptr_x64-windows/include/boost/smart_ptr/detail/sp_convertible.hpp
-- Installing: C:/Projects/l4-loadbalancer/vcpkg_installed/vcpkg/pkgs/boost-smart-ptr_x64-windows/include/boost/smart_ptr/detail/sp_counted_base.hpp
-- Installing: C:/Projects/l4-loadbalancer/vcpkg_installed/vcpkg/pkgs/boost-smart-ptr_x64-windows/include/boost/smart_ptr/detail/sp_counted_base_nt.hpp
-- Installing: C:/Projects/l4-loadbalancer/vcpkg_installed/vcpkg/pkgs/boost-smart-ptr_x64-windows/include/boost/smart_ptr/detail/sp_counted_base_std_atomic.hpp
-- Installing: C:/Projects/l4-loadbalancer/vcpkg_installed/vcpkg/pkgs/boost-smart-ptr_x64-windows/include/boost/smart_ptr/detail/sp_counted_impl.hpp
-- Installing: C:/Projects/l4-loadbalancer/vcpkg_installed/vcpkg/pkgs/boost-smart-ptr_x64-windows/include/boost/smart_ptr/detail/sp_cxx20_constexpr.hpp
-- Installing: C:/Projects/l4-loadbalancer/vcpkg_installed/vcpkg/pkgs/boost-smart-ptr_x64-windows/include/boost/smart_ptr/detail/sp_disable_deprecated.hpp
-- Installing: C:/Projects/l4-loadbalancer/vcpkg_installed/vcpkg/pkgs/boost-smart-ptr_x64-windows/include/boost/smart_ptr/detail/sp_noexcept.hpp
-- Installing: C:/Projects/l4-loadbalancer/vcpkg_installed/vcpkg/pkgs/boost-smart-ptr_x64-windows/include/boost/smart_ptr/detail/sp_thread_pause.hpp
-- Installing: C:/Projects/l4-loadbalancer/vcpkg_installed/vcpkg/pkgs/boost-smart-ptr_x64-windows/include/boost/smart_ptr/detail/sp_thread_sleep.hpp
-- Installing: C:/Projects/l4-loadbalancer/vcpkg_installed/vcpkg/pkgs/boost-smart-ptr_x64-windows/include/boost/smart_ptr/detail/sp_thread_yield.hpp
-- Installing: C:/Projects/l4-loadbalancer/vcpkg_installed/vcpkg/pkgs/boost-smart-ptr_x64-windows/include/boost/smart_ptr/detail/sp_typeinfo_.hpp
-- Installing: C:/Projects/l4-loadbalancer/vcpkg_installed/vcpkg/pkgs/boost-smart-ptr_x64-windows/include/boost/smart_ptr/detail/sp_type_traits.hpp
-- Installing: C:/Projects/l4-loadbalancer/vcpkg_installed/vcpkg/pkgs/boost-smart-ptr_x64-windows/include/boost/smart_ptr/detail/yield_k.hpp
-- Installing: C:/Projects/l4-loadbalancer/vcpkg_installed/vcpkg/pkgs/boost-smart-ptr_x64-windows/include/boost/smart_ptr/enable_shared_from.hpp
-- Installing: C:/Projects/l4-loadbalancer/vcpkg_installed/vcpkg/pkgs/boost-smart-ptr_x64-windows/include/boost/smart_ptr/enable_shared_from_raw.hpp
-- Installing: C:/Projects/l4-loadbalancer/vcpkg_installed/vcpkg/pkgs/boost-smart-ptr_x64-windows/include/boost/smart_ptr/enable_shared_from_this.hpp
-- Installing: C:/Projects/l4-loadbalancer/vcpkg_installed/vcpkg/pkgs/boost-smart-ptr_x64-windows/include/boost/smart_ptr/intrusive_ptr.hpp
-- Installing: C:/Projects/l4-loadbalancer/vcpkg_installed/vcpkg/pkgs/boost-smart-ptr_x64-windows/include/boost/smart_ptr/intrusive_ref_counter.hpp
-- Installing: C:/Projects/l4-loadbalancer/vcpkg_installed/vcpkg/pkgs/boost-smart-ptr_x64-windows/include/boost/smart_ptr/local_shared_ptr.hpp
-- Installing: C:/Projects/l4-loadbalancer/vcpkg_installed/vcpkg/pkgs/boost-smart-ptr_x64-windows/include/boost/smart_ptr/make_local_shared.hpp
-- Installing: C:/Projects/l4-loadbalancer/vcpkg_installed/vcpkg/pkgs/boost-smart-ptr_x64-windows/include/boost/smart_ptr/make_local_shared_array.hpp
-- Installing: C:/Projects/l4-loadbalancer/vcpkg_installed/vcpkg/pkgs/boost-smart-ptr_x64-windows/include/boost/smart_ptr/make_local_shared_object.hpp
-- Installing: C:/Projects/l4-loadbalancer/vcpkg_installed/vcpkg/pkgs/boost-smart-ptr_x64-windows/include/boost/smart_ptr/make_shared.hpp
-- Installing: C:/Projects/l4-loadbalancer/vcpkg_installed/vcpkg/pkgs/boost-smart-ptr_x64-windows/include/boost/smart_ptr/make_shared_array.hpp
-- Installing: C:/Projects/l4-loadbalancer/vcpkg_installed/vcpkg/pkgs/boost-smart-ptr_x64-windows/include/boost/smart_ptr/make_shared_object.hpp
-- Installing: C:/Projects/l4-loadbalancer/vcpkg_installed/vcpkg/pkgs/boost-smart-ptr_x64-windows/include/boost/smart_ptr/make_unique.hpp
-- Installing: C:/Projects/l4-loadbalancer/vcpkg_installed/vcpkg/pkgs/boost-smart-ptr_x64-windows/include/boost/smart_ptr/owner_equal_to.hpp
-- Installing: C:/Projects/l4-loadbalancer/vcpkg_installed/vcpkg/pkgs/boost-smart-ptr_x64-windows/include/boost/smart_ptr/owner_hash.hpp
-- Installing: C:/Projects/l4-loadbalancer/vcpkg_installed/vcpkg/pkgs/boost-smart-ptr_x64-windows/include/boost/smart_ptr/owner_less.hpp
-- Installing: C:/Projects/l4-loadbalancer/vcpkg_installed/vcpkg/pkgs/boost-smart-ptr_x64-windows/include/boost/smart_ptr/scoped_array.hpp
-- Installing: C:/Projects/l4-loadbalancer/vcpkg_installed/vcpkg/pkgs/boost-smart-ptr_x64-windows/include/boost/smart_ptr/scoped_ptr.hpp
-- Installing: C:/Projects/l4-loadbalancer/vcpkg_installed/vcpkg/pkgs/boost-smart-ptr_x64-windows/include/boost/smart_ptr/shared_array.hpp
-- Installing: C:/Projects/l4-loadbalancer/vcpkg_installed/vcpkg/pkgs/boost-smart-ptr_x64-windows/include/boost/smart_ptr/shared_ptr.hpp
-- Installing: C:/Projects/l4-loadbalancer/vcpkg_installed/vcpkg/pkgs/boost-smart-ptr_x64-windows/include/boost/smart_ptr/weak_ptr.hpp
-- Installing: C:/Projects/l4-loadbalancer/vcpkg_installed/vcpkg/pkgs/boost-smart-ptr_x64-windows/include/boost/smart_ptr.hpp
-- Installing: C:/Projects/l4-loadbalancer/vcpkg_installed/vcpkg/pkgs/boost-smart-ptr_x64-windows/include/boost/weak_ptr.hpp
-- Installing: C:/Projects/l4-loadbalancer/vcpkg_installed/vcpkg/pkgs/boost-smart-ptr_x64-windows/lib/cmake/boost_smart_ptr-1.90.0/boost_smart_ptr-targets.cmake
-- Installing: C:/Projects/l4-loadbalancer/vcpkg_installed/vcpkg/pkgs/boost-smart-ptr_x64-windows/lib/cmake/boost_smart_ptr-1.90.0/boost_smart_ptr-config.cmake
-- Installing: C:/Projects/l4-loadbalancer/vcpkg_installed/vcpkg/pkgs/boost-smart-ptr_x64-windows/lib/cmake/boost_smart_ptr-1.90.0/boost_smart_ptr-config-version.cmake

