Change Dir: 'C:/Projects/l4-loadbalancer/vcpkg_installed/vcpkg/blds/boost-typeof/x64-windows-rel'

Run Build Command(s): "C:/Users/MRATUNJAI SINGH/AppData/Local/vcpkg/downloads/tools/ninja/1.13.1-windows/ninja.exe" -v -v -j9 install
[0/1] C:\Windows\system32\cmd.exe /C "cd /D C:\Projects\l4-loadbalancer\vcpkg_installed\vcpkg\blds\boost-typeof\x64-windows-rel && "C:\Program Files\CMake\bin\cmake.exe" -P cmake_install.cmake"
-- Install configuration: "Release"
-- Installing: C:/Projects/l4-loadbalancer/vcpkg_installed/vcpkg/pkgs/boost-typeof_x64-windows/include
-- Installing: C:/Projects/l4-loadbalancer/vcpkg_installed/vcpkg/pkgs/boost-typeof_x64-windows/include/boost
-- Installing: C:/Projects/l4-loadbalancer/vcpkg_installed/vcpkg/pkgs/boost-typeof_x64-windows/include/boost/typeof
-- Installing: C:/Projects/l4-loadbalancer/vcpkg_installed/vcpkg/pkgs/boost-typeof_x64-windows/include/boost/typeof/constant.hpp
-- Installing: C:/Projects/l4-loadbalancer/vcpkg_installed/vcpkg/pkgs/boost-typeof_x64-windows/include/boost/typeof/decltype.hpp
-- Installing: C:/Projects/l4-loadbalancer/vcpkg_installed/vcpkg/pkgs/boost-typeof_x64-windows/include/boost/typeof/incr_registration_group.hpp
-- Installing: C:/Projects/l4-loadbalancer/vcpkg_installed/vcpkg/pkgs/boost-typeof_x64-windows/include/boost/typeof/msvc
-- Installing: C:/Projects/l4-loadbalancer/vcpkg_installed/vcpkg/pkgs/boost-typeof_x64-windows/include/boost/typeof/msvc/typeof_impl.hpp
-- Installing: C:/Projects/l4-loadbalancer/vcpkg_installed/vcpkg/pkgs/boost-typeof_x64-windows/include/boost/typeof/std
-- Installing: C:/Projects/l4-loadbalancer/vcpkg_installed/vcpkg/pkgs/boost-typeof_x64-windows/include/boost/typeof/std/bitset.hpp
-- Installing: C:/Projects/l4-loadbalancer/vcpkg_installed/vcpkg/pkgs/boost-typeof_x64-windows/include/boost/typeof/std/complex.hpp
-- Installing: C:/Projects/l4-loadbalancer/vcpkg_installed/vcpkg/pkgs/boost-typeof_x64-windows/include/boost/typeof/std/deque.hpp
-- Installing: C:/Projects/l4-loadbalancer/vcpkg_installed/vcpkg/pkgs/boost-typeof_x64-windows/include/boost/typeof/std/fstream.hpp
-- Installing: C:/Projects/l4-loadbalancer/vcpkg_installed/vcpkg/pkgs/boost-typeof_x64-windows/include/boost/typeof/std/functional.hpp
-- Installing: C:/Projects/l4-loadbalancer/vcpkg_installed/vcpkg/pkgs/boost-typeof_x64-windows/include/boost/typeof/std/iostream.hpp
-- Installing: C:/Projects/l4-loadbalancer/vcpkg_installed/vcpkg/pkgs/boost-typeof_x64-windows/include/boost/typeof/std/istream.hpp
-- Installing: C:/Projects/l4-loadbalancer/vcpkg_installed/vcpkg/pkgs/boost-typeof_x64-windows/include/boost/typeof/std/iterator.hpp
-- Installing: C:/Projects/l4-loadbalancer/vcpkg_installed/vcpkg/pkgs/boost-typeof_x64-windows/include/boost/typeof/std/list.hpp
-- Installing: C:/Projects/l4-loadbalancer/vcpkg_installed/vcpkg/pkgs/boost-typeof_x64-windows/include/boost/typeof/std/locale.hpp
-- Installing: C:/Projects/l4-loadbalancer/vcpkg_installed/vcpkg/pkgs/boost-typeof_x64-windows/include/boost/typeof/std/map.hpp
-- Installing: C:/Projects/l4-loadbalancer/vcpkg_installed/vcpkg/pkgs/boost-typeof_x64-windows/include/boost/typeof/std/memory.hpp
-- Installing: C:/Projects/l4-loadbalancer/vcpkg_installed/vcpkg/pkgs/boost-typeof_x64-windows/include/boost/typeof/std/ostream.hpp
-- Installing: C:/Projects/l4-loadbalancer/vcpkg_installed/vcpkg/pkgs/boost-typeof_x64-windows/include/boost/typeof/std/queue.hpp
-- Installing: C:/Projects/l4-loadbalancer/vcpkg_installed/vcpkg/pkgs/boost-typeof_x64-windows/include/boost/typeof/std/set.hpp
-- Installing: C:/Projects/l4-loadbalancer/vcpkg_installed/vcpkg/pkgs/boost-typeof_x64-windows/include/boost/typeof/std/sstream.hpp
-- Installing: C:/Projects/l4-loadbalancer/vcpkg_installed/vcpkg/pkgs/boost-typeof_x64-windows/include/boost/typeof/std/stack.hpp
-- Installing: C:/Projects/l4-loadbalancer/vcpkg_installed/vcpkg/pkgs/boost-typeof_x64-windows/include/boost/typeof/std/streambuf.hpp
-- Installing: C:/Projects/l4-loadbalancer/vcpkg_installed/vcpkg/pkgs/boost-typeof_x64-windows/include/boost/typeof/std/string.hpp
-- Installing: C:/Projects/l4-loadbalancer/vcpkg_installed/vcpkg/pkgs/boost-typeof_x64-windows/include/boost/typeof/std/utility.hpp
-- Installing: C:/Projects/l4-loadbalancer/vcpkg_installed/vcpkg/pkgs/boost-typeof_x64-windows/include/boost/typeof/std/valarray.hpp
-- Installing: C:/Projects/l4-loadbalancer/vcpkg_installed/vcpkg/pkgs/boost-typeof_x64-windows/include/boost/typeof/std/vector.hpp
-- Installing: C:/Projects/l4-loadbalancer/vcpkg_installed/vcpkg/pkgs/boost-typeof_x64-windows/include/boost/typeof/typeof.hpp
-- Installing: C:/Projects/l4-loadbalancer/vcpkg_installed/vcpkg/pkgs/boost-typeof_x64-windows/lib/cmake/boost_typeof-1.90.0/boost_typeof-targets.cmake
-- Installing: C:/Projects/l4-loadbalancer/vcpkg_installed/vcpkg/pkgs/boost-typeof_x64-windows/lib/cmake/boost_typeof-1.90.0/boost_typeof-config.cmake
-- Installing: C:/Projects/l4-loadbalancer/vcpkg_installed/vcpkg/pkgs/boost-typeof_x64-windows/lib/cmake/boost_typeof-1.90.0/boost_typeof-config-version.cmake

