Change Dir: 'C:/Projects/l4-loadbalancer/vcpkg_installed/vcpkg/blds/boost-type-traits/x64-windows-rel'

Run Build Command(s): "C:/Users/MRATUNJAI SINGH/AppData/Local/vcpkg/downloads/tools/ninja/1.13.1-windows/ninja.exe" -v -v -j9 install
[0/1] C:\Windows\system32\cmd.exe /C "cd /D C:\Projects\l4-loadbalancer\vcpkg_installed\vcpkg\blds\boost-type-traits\x64-windows-rel && "C:\Program Files\CMake\bin\cmake.exe" -P cmake_install.cmake"
-- Install configuration: "Release"
-- Installing: C:/Projects/l4-loadbalancer/vcpkg_installed/vcpkg/pkgs/boost-type-traits_x64-windows/include
-- Installing: C:/Projects/l4-loadbalancer/vcpkg_installed/vcpkg/pkgs/boost-type-traits_x64-windows/include/boost
-- Installing: C:/Projects/l4-loadbalancer/vcpkg_installed/vcpkg/pkgs/boost-type-traits_x64-windows/include/boost/aligned_storage.hpp
-- Installing: C:/Projects/l4-loadbalancer/vcpkg_installed/vcpkg/pkgs/boost-type-traits_x64-windows/include/boost/type_traits
-- Installing: C:/Projects/l4-loadbalancer/vcpkg_installed/vcpkg/pkgs/boost-type-traits_x64-windows/include/boost/type_traits/add_const.hpp
-- Installing: C:/Projects/l4-loadbalancer/vcpkg_installed/vcpkg/pkgs/boost-type-traits_x64-windows/include/boost/type_traits/add_cv.hpp
-- Installing: C:/Projects/l4-loadbalancer/vcpkg_installed/vcpkg/pkgs/boost-type-traits_x64-windows/include/boost/type_traits/add_lvalue_reference.hpp
-- Installing: C:/Projects/l4-loadbalancer/vcpkg_installed/vcpkg/pkgs/boost-type-traits_x64-windows/include/boost/type_traits/add_pointer.hpp
-- Installing: C:/Projects/l4-loadbalancer/vcpkg_installed/vcpkg/pkgs/boost-type-traits_x64-windows/include/boost/type_traits/add_reference.hpp
-- Installing: C:/Projects/l4-loadbalancer/vcpkg_installed/vcpkg/pkgs/boost-type-traits_x64-windows/include/boost/type_traits/add_rvalue_reference.hpp
-- Installing: C:/Projects/l4-loadbalancer/vcpkg_installed/vcpkg/pkgs/boost-type-traits_x64-windows/include/boost/type_traits/add_volatile.hpp
-- Installing: C:/Projects/l4-loadbalancer/vcpkg_installed/vcpkg/pkgs/boost-type-traits_x64-windows/include/boost/type_traits/aligned_storage.hpp
-- Installing: C:/Projects/l4-loadbalancer/vcpkg_installed/vcpkg/pkgs/boost-type-traits_x64-windows/include/boost/type_traits/alignment_of.hpp
-- Installing: C:/Projects/l4-loadbalancer/vcpkg_installed/vcpkg/pkgs/boost-type-traits_x64-windows/include/boost/type_traits/alignment_traits.hpp
-- Installing: C:/Projects/l4-loadbalancer/vcpkg_installed/vcpkg/pkgs/boost-type-traits_x64-windows/include/boost/type_traits/arithmetic_traits.hpp
-- Installing: C:/Projects/l4-loadbalancer/vcpkg_installed/vcpkg/pkgs/boost-type-traits_x64-windows/include/boost/type_traits/array_traits.hpp
-- Installing: C:/Projects/l4-loadbalancer/vcpkg_installed/vcpkg/pkgs/boost-type-traits_x64-windows/include/boost/type_traits/broken_compiler_spec.hpp
-- Installing: C:/Projects/l4-loadbalancer/vcpkg_installed/vcpkg/pkgs/boost-type-traits_x64-windows/include/boost/type_traits/common_type.hpp
-- Installing: C:/Projects/l4-loadbalancer/vcpkg_installed/vcpkg/pkgs/boost-type-traits_x64-windows/include/boost/type_traits/composite_traits.hpp
-- Installing: C:/Projects/l4-loadbalancer/vcpkg_installed/vcpkg/pkgs/boost-type-traits_x64-windows/include/boost/type_traits/conditional.hpp
-- Installing: C:/Projects/l4-loadbalancer/vcpkg_installed/vcpkg/pkgs/boost-type-traits_x64-windows/include/boost/type_traits/config.hpp
-- Installing: C:/Projects/l4-loadbalancer/vcpkg_installed/vcpkg/pkgs/boost-type-traits_x64-windows/include/boost/type_traits/conjunction.hpp
-- Installing: C:/Projects/l4-loadbalancer/vcpkg_installed/vcpkg/pkgs/boost-type-traits_x64-windows/include/boost/type_traits/conversion_traits.hpp
-- Installing: C:/Projects/l4-loadbalancer/vcpkg_installed/vcpkg/pkgs/boost-type-traits_x64-windows/include/boost/type_traits/copy_cv.hpp
-- Installing: C:/Projects/l4-loadbalancer/vcpkg_installed/vcpkg/pkgs/boost-type-traits_x64-windows/include/boost/type_traits/copy_cv_ref.hpp
-- Installing: C:/Projects/l4-loadbalancer/vcpkg_installed/vcpkg/pkgs/boost-type-traits_x64-windows/include/boost/type_traits/copy_reference.hpp
-- Installing: C:/Projects/l4-loadbalancer/vcpkg_installed/vcpkg/pkgs/boost-type-traits_x64-windows/include/boost/type_traits/cv_traits.hpp
-- Installing: C:/Projects/l4-loadbalancer/vcpkg_installed/vcpkg/pkgs/boost-type-traits_x64-windows/include/boost/type_traits/decay.hpp
-- Installing: C:/Projects/l4-loadbalancer/vcpkg_installed/vcpkg/pkgs/boost-type-traits_x64-windows/include/boost/type_traits/declval.hpp
-- Installing: C:/Projects/l4-loadbalancer/vcpkg_installed/vcpkg/pkgs/boost-type-traits_x64-windows/include/boost/type_traits/detail
-- Installing: C:/Projects/l4-loadbalancer/vcpkg_installed/vcpkg/pkgs/boost-type-traits_x64-windows/include/boost/type_traits/detail/bool_trait_def.hpp
-- Installing: C:/Projects/l4-loadbalancer/vcpkg_installed/vcpkg/pkgs/boost-type-traits_x64-windows/include/boost/type_traits/detail/bool_trait_undef.hpp
-- Installing: C:/Projects/l4-loadbalancer/vcpkg_installed/vcpkg/pkgs/boost-type-traits_x64-windows/include/boost/type_traits/detail/common_arithmetic_type.hpp
-- Installing: C:/Projects/l4-loadbalancer/vcpkg_installed/vcpkg/pkgs/boost-type-traits_x64-windows/include/boost/type_traits/detail/common_type_impl.hpp
-- Installing: C:/Projects/l4-loadbalancer/vcpkg_installed/vcpkg/pkgs/boost-type-traits_x64-windows/include/boost/type_traits/detail/composite_member_pointer_type.hpp
-- Installing: C:/Projects/l4-loadbalancer/vcpkg_installed/vcpkg/pkgs/boost-type-traits_x64-windows/include/boost/type_traits/detail/composite_pointer_type.hpp
-- Installing: C:/Projects/l4-loadbalancer/vcpkg_installed/vcpkg/pkgs/boost-type-traits_x64-windows/include/boost/type_traits/detail/config.hpp
-- Installing: C:/Projects/l4-loadbalancer/vcpkg_installed/vcpkg/pkgs/boost-type-traits_x64-windows/include/boost/type_traits/detail/detector.hpp
-- Installing: C:/Projects/l4-loadbalancer/vcpkg_installed/vcpkg/pkgs/boost-type-traits_x64-windows/include/boost/type_traits/detail/has_binary_operator.hpp
-- Installing: C:/Projects/l4-loadbalancer/vcpkg_installed/vcpkg/pkgs/boost-type-traits_x64-windows/include/boost/type_traits/detail/has_postfix_operator.hpp
-- Installing: C:/Projects/l4-loadbalancer/vcpkg_installed/vcpkg/pkgs/boost-type-traits_x64-windows/include/boost/type_traits/detail/has_prefix_operator.hpp
-- Installing: C:/Projects/l4-loadbalancer/vcpkg_installed/vcpkg/pkgs/boost-type-traits_x64-windows/include/boost/type_traits/detail/ice_and.hpp
-- Installing: C:/Projects/l4-loadbalancer/vcpkg_installed/vcpkg/pkgs/boost-type-traits_x64-windows/include/boost/type_traits/detail/ice_eq.hpp
-- Installing: C:/Projects/l4-loadbalancer/vcpkg_installed/vcpkg/pkgs/boost-type-traits_x64-windows/include/boost/type_traits/detail/ice_not.hpp
-- Installing: C:/Projects/l4-loadbalancer/vcpkg_installed/vcpkg/pkgs/boost-type-traits_x64-windows/include/boost/type_traits/detail/ice_or.hpp
-- Installing: C:/Projects/l4-loadbalancer/vcpkg_installed/vcpkg/pkgs/boost-type-traits_x64-windows/include/boost/type_traits/detail/is_function_cxx_03.hpp
-- Installing: C:/Projects/l4-loadbalancer/vcpkg_installed/vcpkg/pkgs/boost-type-traits_x64-windows/include/boost/type_traits/detail/is_function_cxx_11.hpp
-- Installing: C:/Projects/l4-loadbalancer/vcpkg_installed/vcpkg/pkgs/boost-type-traits_x64-windows/include/boost/type_traits/detail/is_function_msvc10_fix.hpp
-- Installing: C:/Projects/l4-loadbalancer/vcpkg_installed/vcpkg/pkgs/boost-type-traits_x64-windows/include/boost/type_traits/detail/is_function_ptr_helper.hpp
-- Installing: C:/Projects/l4-loadbalancer/vcpkg_installed/vcpkg/pkgs/boost-type-traits_x64-windows/include/boost/type_traits/detail/is_function_ptr_tester.hpp
-- Installing: C:/Projects/l4-loadbalancer/vcpkg_installed/vcpkg/pkgs/boost-type-traits_x64-windows/include/boost/type_traits/detail/is_likely_lambda.hpp
-- Installing: C:/Projects/l4-loadbalancer/vcpkg_installed/vcpkg/pkgs/boost-type-traits_x64-windows/include/boost/type_traits/detail/is_member_function_pointer_cxx_03.hpp
-- Installing: C:/Projects/l4-loadbalancer/vcpkg_installed/vcpkg/pkgs/boost-type-traits_x64-windows/include/boost/type_traits/detail/is_member_function_pointer_cxx_11.hpp
-- Installing: C:/Projects/l4-loadbalancer/vcpkg_installed/vcpkg/pkgs/boost-type-traits_x64-windows/include/boost/type_traits/detail/is_mem_fun_pointer_impl.hpp
-- Installing: C:/Projects/l4-loadbalancer/vcpkg_installed/vcpkg/pkgs/boost-type-traits_x64-windows/include/boost/type_traits/detail/is_mem_fun_pointer_tester.hpp
-- Installing: C:/Projects/l4-loadbalancer/vcpkg_installed/vcpkg/pkgs/boost-type-traits_x64-windows/include/boost/type_traits/detail/is_rvalue_reference_msvc10_fix.hpp
-- Installing: C:/Projects/l4-loadbalancer/vcpkg_installed/vcpkg/pkgs/boost-type-traits_x64-windows/include/boost/type_traits/detail/is_swappable_cxx_11.hpp
-- Installing: C:/Projects/l4-loadbalancer/vcpkg_installed/vcpkg/pkgs/boost-type-traits_x64-windows/include/boost/type_traits/detail/mp_defer.hpp
-- Installing: C:/Projects/l4-loadbalancer/vcpkg_installed/vcpkg/pkgs/boost-type-traits_x64-windows/include/boost/type_traits/detail/template_arity_spec.hpp
-- Installing: C:/Projects/l4-loadbalancer/vcpkg_installed/vcpkg/pkgs/boost-type-traits_x64-windows/include/boost/type_traits/detail/yes_no_type.hpp
-- Installing: C:/Projects/l4-loadbalancer/vcpkg_installed/vcpkg/pkgs/boost-type-traits_x64-windows/include/boost/type_traits/detected.hpp
-- Installing: C:/Projects/l4-loadbalancer/vcpkg_installed/vcpkg/pkgs/boost-type-traits_x64-windows/include/boost/type_traits/detected_or.hpp
-- Installing: C:/Projects/l4-loadbalancer/vcpkg_installed/vcpkg/pkgs/boost-type-traits_x64-windows/include/boost/type_traits/disjunction.hpp
-- Installing: C:/Projects/l4-loadbalancer/vcpkg_installed/vcpkg/pkgs/boost-type-traits_x64-windows/include/boost/type_traits/enable_if.hpp
-- Installing: C:/Projects/l4-loadbalancer/vcpkg_installed/vcpkg/pkgs/boost-type-traits_x64-windows/include/boost/type_traits/extent.hpp
-- Installing: C:/Projects/l4-loadbalancer/vcpkg_installed/vcpkg/pkgs/boost-type-traits_x64-windows/include/boost/type_traits/floating_point_promotion.hpp
-- Installing: C:/Projects/l4-loadbalancer/vcpkg_installed/vcpkg/pkgs/boost-type-traits_x64-windows/include/boost/type_traits/function_traits.hpp
-- Installing: C:/Projects/l4-loadbalancer/vcpkg_installed/vcpkg/pkgs/boost-type-traits_x64-windows/include/boost/type_traits/has_bit_and.hpp
-- Installing: C:/Projects/l4-loadbalancer/vcpkg_installed/vcpkg/pkgs/boost-type-traits_x64-windows/include/boost/type_traits/has_bit_and_assign.hpp
-- Installing: C:/Projects/l4-loadbalancer/vcpkg_installed/vcpkg/pkgs/boost-type-traits_x64-windows/include/boost/type_traits/has_bit_or.hpp
-- Installing: C:/Projects/l4-loadbalancer/vcpkg_installed/vcpkg/pkgs/boost-type-traits_x64-windows/include/boost/type_traits/has_bit_or_assign.hpp
-- Installing: C:/Projects/l4-loadbalancer/vcpkg_installed/vcpkg/pkgs/boost-type-traits_x64-windows/include/boost/type_traits/has_bit_xor.hpp
-- Installing: C:/Projects/l4-loadbalancer/vcpkg_installed/vcpkg/pkgs/boost-type-traits_x64-windows/include/boost/type_traits/has_bit_xor_assign.hpp
-- Installing: C:/Projects/l4-loadbalancer/vcpkg_installed/vcpkg/pkgs/boost-type-traits_x64-windows/include/boost/type_traits/has_complement.hpp
-- Installing: C:/Projects/l4-loadbalancer/vcpkg_installed/vcpkg/pkgs/boost-type-traits_x64-windows/include/boost/type_traits/has_dereference.hpp
-- Installing: C:/Projects/l4-loadbalancer/vcpkg_installed/vcpkg/pkgs/boost-type-traits_x64-windows/include/boost/type_traits/has_divides.hpp
-- Installing: C:/Projects/l4-loadbalancer/vcpkg_installed/vcpkg/pkgs/boost-type-traits_x64-windows/include/boost/type_traits/has_divides_assign.hpp
-- Installing: C:/Projects/l4-loadbalancer/vcpkg_installed/vcpkg/pkgs/boost-type-traits_x64-windows/include/boost/type_traits/has_equal_to.hpp
-- Installing: C:/Projects/l4-loadbalancer/vcpkg_installed/vcpkg/pkgs/boost-type-traits_x64-windows/include/boost/type_traits/has_greater.hpp
-- Installing: C:/Projects/l4-loadbalancer/vcpkg_installed/vcpkg/pkgs/boost-type-traits_x64-windows/include/boost/type_traits/has_greater_equal.hpp
-- Installing: C:/Projects/l4-loadbalancer/vcpkg_installed/vcpkg/pkgs/boost-type-traits_x64-windows/include/boost/type_traits/has_left_shift.hpp
-- Installing: C:/Projects/l4-loadbalancer/vcpkg_installed/vcpkg/pkgs/boost-type-traits_x64-windows/include/boost/type_traits/has_left_shift_assign.hpp
-- Installing: C:/Projects/l4-loadbalancer/vcpkg_installed/vcpkg/pkgs/boost-type-traits_x64-windows/include/boost/type_traits/has_less.hpp
-- Installing: C:/Projects/l4-loadbalancer/vcpkg_installed/vcpkg/pkgs/boost-type-traits_x64-windows/include/boost/type_traits/has_less_equal.hpp
-- Installing: C:/Projects/l4-loadbalancer/vcpkg_installed/vcpkg/pkgs/boost-type-traits_x64-windows/include/boost/type_traits/has_logical_and.hpp
-- Installing: C:/Projects/l4-loadbalancer/vcpkg_installed/vcpkg/pkgs/boost-type-traits_x64-windows/include/boost/type_traits/has_logical_not.hpp
-- Installing: C:/Projects/l4-loadbalancer/vcpkg_installed/vcpkg/pkgs/boost-type-traits_x64-windows/include/boost/type_traits/has_logical_or.hpp
-- Installing: C:/Projects/l4-loadbalancer/vcpkg_installed/vcpkg/pkgs/boost-type-traits_x64-windows/include/boost/type_traits/has_minus.hpp
-- Installing: C:/Projects/l4-loadbalancer/vcpkg_installed/vcpkg/pkgs/boost-type-traits_x64-windows/include/boost/type_traits/has_minus_assign.hpp
-- Installing: C:/Projects/l4-loadbalancer/vcpkg_installed/vcpkg/pkgs/boost-type-traits_x64-windows/include/boost/type_traits/has_modulus.hpp
-- Installing: C:/Projects/l4-loadbalancer/vcpkg_installed/vcpkg/pkgs/boost-type-traits_x64-windows/include/boost/type_traits/has_modulus_assign.hpp
-- Installing: C:/Projects/l4-loadbalancer/vcpkg_installed/vcpkg/pkgs/boost-type-traits_x64-windows/include/boost/type_traits/has_multiplies.hpp
-- Installing: C:/Projects/l4-loadbalancer/vcpkg_installed/vcpkg/pkgs/boost-type-traits_x64-windows/include/boost/type_traits/has_multiplies_assign.hpp
-- Installing: C:/Projects/l4-loadbalancer/vcpkg_installed/vcpkg/pkgs/boost-type-traits_x64-windows/include/boost/type_traits/has_negate.hpp
-- Installing: C:/Projects/l4-loadbalancer/vcpkg_installed/vcpkg/pkgs/boost-type-traits_x64-windows/include/boost/type_traits/has_new_operator.hpp
-- Installing: C:/Projects/l4-loadbalancer/vcpkg_installed/vcpkg/pkgs/boost-type-traits_x64-windows/include/boost/type_traits/has_nothrow_assign.hpp
-- Installing: C:/Projects/l4-loadbalancer/vcpkg_installed/vcpkg/pkgs/boost-type-traits_x64-windows/include/boost/type_traits/has_nothrow_constructor.hpp
-- Installing: C:/Projects/l4-loadbalancer/vcpkg_installed/vcpkg/pkgs/boost-type-traits_x64-windows/include/boost/type_traits/has_nothrow_copy.hpp
-- Installing: C:/Projects/l4-loadbalancer/vcpkg_installed/vcpkg/pkgs/boost-type-traits_x64-windows/include/boost/type_traits/has_nothrow_destructor.hpp
-- Installing: C:/Projects/l4-loadbalancer/vcpkg_installed/vcpkg/pkgs/boost-type-traits_x64-windows/include/boost/type_traits/has_not_equal_to.hpp
-- Installing: C:/Projects/l4-loadbalancer/vcpkg_installed/vcpkg/pkgs/boost-type-traits_x64-windows/include/boost/type_traits/has_operator.hpp
-- Installing: C:/Projects/l4-loadbalancer/vcpkg_installed/vcpkg/pkgs/boost-type-traits_x64-windows/include/boost/type_traits/has_plus.hpp
-- Installing: C:/Projects/l4-loadbalancer/vcpkg_installed/vcpkg/pkgs/boost-type-traits_x64-windows/include/boost/type_traits/has_plus_assign.hpp
-- Installing: C:/Projects/l4-loadbalancer/vcpkg_installed/vcpkg/pkgs/boost-type-traits_x64-windows/include/boost/type_traits/has_post_decrement.hpp
-- Installing: C:/Projects/l4-loadbalancer/vcpkg_installed/vcpkg/pkgs/boost-type-traits_x64-windows/include/boost/type_traits/has_post_increment.hpp
-- Installing: C:/Projects/l4-loadbalancer/vcpkg_installed/vcpkg/pkgs/boost-type-traits_x64-windows/include/boost/type_traits/has_pre_decrement.hpp
-- Installing: C:/Projects/l4-loadbalancer/vcpkg_installed/vcpkg/pkgs/boost-type-traits_x64-windows/include/boost/type_traits/has_pre_increment.hpp
-- Installing: C:/Projects/l4-loadbalancer/vcpkg_installed/vcpkg/pkgs/boost-type-traits_x64-windows/include/boost/type_traits/has_right_shift.hpp
-- Installing: C:/Projects/l4-loadbalancer/vcpkg_installed/vcpkg/pkgs/boost-type-traits_x64-windows/include/boost/type_traits/has_right_shift_assign.hpp
-- Installing: C:/Projects/l4-loadbalancer/vcpkg_installed/vcpkg/pkgs/boost-type-traits_x64-windows/include/boost/type_traits/has_trivial_assign.hpp
-- Installing: C:/Projects/l4-loadbalancer/vcpkg_installed/vcpkg/pkgs/boost-type-traits_x64-windows/include/boost/type_traits/has_trivial_constructor.hpp
-- Installing: C:/Projects/l4-loadbalancer/vcpkg_installed/vcpkg/pkgs/boost-type-traits_x64-windows/include/boost/type_traits/has_trivial_copy.hpp
-- Installing: C:/Projects/l4-loadbalancer/vcpkg_installed/vcpkg/pkgs/boost-type-traits_x64-windows/include/boost/type_traits/has_trivial_destructor.hpp
-- Installing: C:/Projects/l4-loadbalancer/vcpkg_installed/vcpkg/pkgs/boost-type-traits_x64-windows/include/boost/type_traits/has_trivial_move_assign.hpp
-- Installing: C:/Projects/l4-loadbalancer/vcpkg_installed/vcpkg/pkgs/boost-type-traits_x64-windows/include/boost/type_traits/has_trivial_move_constructor.hpp
-- Installing: C:/Projects/l4-loadbalancer/vcpkg_installed/vcpkg/pkgs/boost-type-traits_x64-windows/include/boost/type_traits/has_unary_minus.hpp
-- Installing: C:/Projects/l4-loadbalancer/vcpkg_installed/vcpkg/pkgs/boost-type-traits_x64-windows/include/boost/type_traits/has_unary_plus.hpp
-- Installing: C:/Projects/l4-loadbalancer/vcpkg_installed/vcpkg/pkgs/boost-type-traits_x64-windows/include/boost/type_traits/has_virtual_destructor.hpp
-- Installing: C:/Projects/l4-loadbalancer/vcpkg_installed/vcpkg/pkgs/boost-type-traits_x64-windows/include/boost/type_traits/ice.hpp
-- Installing: C:/Projects/l4-loadbalancer/vcpkg_installed/vcpkg/pkgs/boost-type-traits_x64-windows/include/boost/type_traits/integral_constant.hpp
-- Installing: C:/Projects/l4-loadbalancer/vcpkg_installed/vcpkg/pkgs/boost-type-traits_x64-windows/include/boost/type_traits/integral_promotion.hpp
-- Installing: C:/Projects/l4-loadbalancer/vcpkg_installed/vcpkg/pkgs/boost-type-traits_x64-windows/include/boost/type_traits/intrinsics.hpp
-- Installing: C:/Projects/l4-loadbalancer/vcpkg_installed/vcpkg/pkgs/boost-type-traits_x64-windows/include/boost/type_traits/is_abstract.hpp
-- Installing: C:/Projects/l4-loadbalancer/vcpkg_installed/vcpkg/pkgs/boost-type-traits_x64-windows/include/boost/type_traits/is_arithmetic.hpp
-- Installing: C:/Projects/l4-loadbalancer/vcpkg_installed/vcpkg/pkgs/boost-type-traits_x64-windows/include/boost/type_traits/is_array.hpp
-- Installing: C:/Projects/l4-loadbalancer/vcpkg_installed/vcpkg/pkgs/boost-type-traits_x64-windows/include/boost/type_traits/is_assignable.hpp
-- Installing: C:/Projects/l4-loadbalancer/vcpkg_installed/vcpkg/pkgs/boost-type-traits_x64-windows/include/boost/type_traits/is_base_and_derived.hpp
-- Installing: C:/Projects/l4-loadbalancer/vcpkg_installed/vcpkg/pkgs/boost-type-traits_x64-windows/include/boost/type_traits/is_base_of.hpp
-- Installing: C:/Projects/l4-loadbalancer/vcpkg_installed/vcpkg/pkgs/boost-type-traits_x64-windows/include/boost/type_traits/is_base_of_tr1.hpp
-- Installing: C:/Projects/l4-loadbalancer/vcpkg_installed/vcpkg/pkgs/boost-type-traits_x64-windows/include/boost/type_traits/is_bounded_array.hpp
-- Installing: C:/Projects/l4-loadbalancer/vcpkg_installed/vcpkg/pkgs/boost-type-traits_x64-windows/include/boost/type_traits/is_class.hpp
-- Installing: C:/Projects/l4-loadbalancer/vcpkg_installed/vcpkg/pkgs/boost-type-traits_x64-windows/include/boost/type_traits/is_complete.hpp
-- Installing: C:/Projects/l4-loadbalancer/vcpkg_installed/vcpkg/pkgs/boost-type-traits_x64-windows/include/boost/type_traits/is_complex.hpp
-- Installing: C:/Projects/l4-loadbalancer/vcpkg_installed/vcpkg/pkgs/boost-type-traits_x64-windows/include/boost/type_traits/is_compound.hpp
-- Installing: C:/Projects/l4-loadbalancer/vcpkg_installed/vcpkg/pkgs/boost-type-traits_x64-windows/include/boost/type_traits/is_const.hpp
-- Installing: C:/Projects/l4-loadbalancer/vcpkg_installed/vcpkg/pkgs/boost-type-traits_x64-windows/include/boost/type_traits/is_constructible.hpp
-- Installing: C:/Projects/l4-loadbalancer/vcpkg_installed/vcpkg/pkgs/boost-type-traits_x64-windows/include/boost/type_traits/is_convertible.hpp
-- Installing: C:/Projects/l4-loadbalancer/vcpkg_installed/vcpkg/pkgs/boost-type-traits_x64-windows/include/boost/type_traits/is_copy_assignable.hpp
-- Installing: C:/Projects/l4-loadbalancer/vcpkg_installed/vcpkg/pkgs/boost-type-traits_x64-windows/include/boost/type_traits/is_copy_constructible.hpp
-- Installing: C:/Projects/l4-loadbalancer/vcpkg_installed/vcpkg/pkgs/boost-type-traits_x64-windows/include/boost/type_traits/is_default_constructible.hpp
-- Installing: C:/Projects/l4-loadbalancer/vcpkg_installed/vcpkg/pkgs/boost-type-traits_x64-windows/include/boost/type_traits/is_destructible.hpp
-- Installing: C:/Projects/l4-loadbalancer/vcpkg_installed/vcpkg/pkgs/boost-type-traits_x64-windows/include/boost/type_traits/is_detected.hpp
-- Installing: C:/Projects/l4-loadbalancer/vcpkg_installed/vcpkg/pkgs/boost-type-traits_x64-windows/include/boost/type_traits/is_detected_convertible.hpp
-- Installing: C:/Projects/l4-loadbalancer/vcpkg_installed/vcpkg/pkgs/boost-type-traits_x64-windows/include/boost/type_traits/is_detected_exact.hpp
-- Installing: C:/Projects/l4-loadbalancer/vcpkg_installed/vcpkg/pkgs/boost-type-traits_x64-windows/include/boost/type_traits/is_empty.hpp
-- Installing: C:/Projects/l4-loadbalancer/vcpkg_installed/vcpkg/pkgs/boost-type-traits_x64-windows/include/boost/type_traits/is_enum.hpp
-- Installing: C:/Projects/l4-loadbalancer/vcpkg_installed/vcpkg/pkgs/boost-type-traits_x64-windows/include/boost/type_traits/is_final.hpp
-- Installing: C:/Projects/l4-loadbalancer/vcpkg_installed/vcpkg/pkgs/boost-type-traits_x64-windows/include/boost/type_traits/is_float.hpp
-- Installing: C:/Projects/l4-loadbalancer/vcpkg_installed/vcpkg/pkgs/boost-type-traits_x64-windows/include/boost/type_traits/is_floating_point.hpp
-- Installing: C:/Projects/l4-loadbalancer/vcpkg_installed/vcpkg/pkgs/boost-type-traits_x64-windows/include/boost/type_traits/is_function.hpp
-- Installing: C:/Projects/l4-loadbalancer/vcpkg_installed/vcpkg/pkgs/boost-type-traits_x64-windows/include/boost/type_traits/is_fundamental.hpp
-- Installing: C:/Projects/l4-loadbalancer/vcpkg_installed/vcpkg/pkgs/boost-type-traits_x64-windows/include/boost/type_traits/is_integral.hpp
-- Installing: C:/Projects/l4-loadbalancer/vcpkg_installed/vcpkg/pkgs/boost-type-traits_x64-windows/include/boost/type_traits/is_list_constructible.hpp
-- Installing: C:/Projects/l4-loadbalancer/vcpkg_installed/vcpkg/pkgs/boost-type-traits_x64-windows/include/boost/type_traits/is_lvalue_reference.hpp
-- Installing: C:/Projects/l4-loadbalancer/vcpkg_installed/vcpkg/pkgs/boost-type-traits_x64-windows/include/boost/type_traits/is_member_function_pointer.hpp
-- Installing: C:/Projects/l4-loadbalancer/vcpkg_installed/vcpkg/pkgs/boost-type-traits_x64-windows/include/boost/type_traits/is_member_object_pointer.hpp
-- Installing: C:/Projects/l4-loadbalancer/vcpkg_installed/vcpkg/pkgs/boost-type-traits_x64-windows/include/boost/type_traits/is_member_pointer.hpp
-- Installing: C:/Projects/l4-loadbalancer/vcpkg_installed/vcpkg/pkgs/boost-type-traits_x64-windows/include/boost/type_traits/is_noncopyable.hpp
-- Installing: C:/Projects/l4-loadbalancer/vcpkg_installed/vcpkg/pkgs/boost-type-traits_x64-windows/include/boost/type_traits/is_nothrow_move_assignable.hpp
-- Installing: C:/Projects/l4-loadbalancer/vcpkg_installed/vcpkg/pkgs/boost-type-traits_x64-windows/include/boost/type_traits/is_nothrow_move_constructible.hpp
-- Installing: C:/Projects/l4-loadbalancer/vcpkg_installed/vcpkg/pkgs/boost-type-traits_x64-windows/include/boost/type_traits/is_nothrow_swappable.hpp
-- Installing: C:/Projects/l4-loadbalancer/vcpkg_installed/vcpkg/pkgs/boost-type-traits_x64-windows/include/boost/type_traits/is_object.hpp
-- Installing: C:/Projects/l4-loadbalancer/vcpkg_installed/vcpkg/pkgs/boost-type-traits_x64-windows/include/boost/type_traits/is_pod.hpp
-- Installing: C:/Projects/l4-loadbalancer/vcpkg_installed/vcpkg/pkgs/boost-type-traits_x64-windows/include/boost/type_traits/is_pointer.hpp
-- Installing: C:/Projects/l4-loadbalancer/vcpkg_installed/vcpkg/pkgs/boost-type-traits_x64-windows/include/boost/type_traits/is_polymorphic.hpp
-- Installing: C:/Projects/l4-loadbalancer/vcpkg_installed/vcpkg/pkgs/boost-type-traits_x64-windows/include/boost/type_traits/is_reference.hpp
-- Installing: C:/Projects/l4-loadbalancer/vcpkg_installed/vcpkg/pkgs/boost-type-traits_x64-windows/include/boost/type_traits/is_rvalue_reference.hpp
-- Installing: C:/Projects/l4-loadbalancer/vcpkg_installed/vcpkg/pkgs/boost-type-traits_x64-windows/include/boost/type_traits/is_same.hpp
-- Installing: C:/Projects/l4-loadbalancer/vcpkg_installed/vcpkg/pkgs/boost-type-traits_x64-windows/include/boost/type_traits/is_scalar.hpp
-- Installing: C:/Projects/l4-loadbalancer/vcpkg_installed/vcpkg/pkgs/boost-type-traits_x64-windows/include/boost/type_traits/is_scoped_enum.hpp
-- Installing: C:/Projects/l4-loadbalancer/vcpkg_installed/vcpkg/pkgs/boost-type-traits_x64-windows/include/boost/type_traits/is_signed.hpp
-- Installing: C:/Projects/l4-loadbalancer/vcpkg_installed/vcpkg/pkgs/boost-type-traits_x64-windows/include/boost/type_traits/is_stateless.hpp
-- Installing: C:/Projects/l4-loadbalancer/vcpkg_installed/vcpkg/pkgs/boost-type-traits_x64-windows/include/boost/type_traits/is_swappable.hpp
-- Installing: C:/Projects/l4-loadbalancer/vcpkg_installed/vcpkg/pkgs/boost-type-traits_x64-windows/include/boost/type_traits/is_trivially_copyable.hpp
-- Installing: C:/Projects/l4-loadbalancer/vcpkg_installed/vcpkg/pkgs/boost-type-traits_x64-windows/include/boost/type_traits/is_unbounded_array.hpp
-- Installing: C:/Projects/l4-loadbalancer/vcpkg_installed/vcpkg/pkgs/boost-type-traits_x64-windows/include/boost/type_traits/is_union.hpp
-- Installing: C:/Projects/l4-loadbalancer/vcpkg_installed/vcpkg/pkgs/boost-type-traits_x64-windows/include/boost/type_traits/is_unscoped_enum.hpp
-- Installing: C:/Projects/l4-loadbalancer/vcpkg_installed/vcpkg/pkgs/boost-type-traits_x64-windows/include/boost/type_traits/is_unsigned.hpp
-- Installing: C:/Projects/l4-loadbalancer/vcpkg_installed/vcpkg/pkgs/boost-type-traits_x64-windows/include/boost/type_traits/is_virtual_base_of.hpp
-- Installing: C:/Projects/l4-loadbalancer/vcpkg_installed/vcpkg/pkgs/boost-type-traits_x64-windows/include/boost/type_traits/is_void.hpp
-- Installing: C:/Projects/l4-loadbalancer/vcpkg_installed/vcpkg/pkgs/boost-type-traits_x64-windows/include/boost/type_traits/is_volatile.hpp
-- Installing: C:/Projects/l4-loadbalancer/vcpkg_installed/vcpkg/pkgs/boost-type-traits_x64-windows/include/boost/type_traits/make_signed.hpp
-- Installing: C:/Projects/l4-loadbalancer/vcpkg_installed/vcpkg/pkgs/boost-type-traits_x64-windows/include/boost/type_traits/make_unsigned.hpp
-- Installing: C:/Projects/l4-loadbalancer/vcpkg_installed/vcpkg/pkgs/boost-type-traits_x64-windows/include/boost/type_traits/make_void.hpp
-- Installing: C:/Projects/l4-loadbalancer/vcpkg_installed/vcpkg/pkgs/boost-type-traits_x64-windows/include/boost/type_traits/negation.hpp
-- Installing: C:/Projects/l4-loadbalancer/vcpkg_installed/vcpkg/pkgs/boost-type-traits_x64-windows/include/boost/type_traits/nonesuch.hpp
-- Installing: C:/Projects/l4-loadbalancer/vcpkg_installed/vcpkg/pkgs/boost-type-traits_x64-windows/include/boost/type_traits/object_traits.hpp
-- Installing: C:/Projects/l4-loadbalancer/vcpkg_installed/vcpkg/pkgs/boost-type-traits_x64-windows/include/boost/type_traits/promote.hpp
-- Installing: C:/Projects/l4-loadbalancer/vcpkg_installed/vcpkg/pkgs/boost-type-traits_x64-windows/include/boost/type_traits/rank.hpp
-- Installing: C:/Projects/l4-loadbalancer/vcpkg_installed/vcpkg/pkgs/boost-type-traits_x64-windows/include/boost/type_traits/reference_traits.hpp
-- Installing: C:/Projects/l4-loadbalancer/vcpkg_installed/vcpkg/pkgs/boost-type-traits_x64-windows/include/boost/type_traits/remove_all_extents.hpp
-- Installing: C:/Projects/l4-loadbalancer/vcpkg_installed/vcpkg/pkgs/boost-type-traits_x64-windows/include/boost/type_traits/remove_bounds.hpp
-- Installing: C:/Projects/l4-loadbalancer/vcpkg_installed/vcpkg/pkgs/boost-type-traits_x64-windows/include/boost/type_traits/remove_const.hpp
-- Installing: C:/Projects/l4-loadbalancer/vcpkg_installed/vcpkg/pkgs/boost-type-traits_x64-windows/include/boost/type_traits/remove_cv.hpp
-- Installing: C:/Projects/l4-loadbalancer/vcpkg_installed/vcpkg/pkgs/boost-type-traits_x64-windows/include/boost/type_traits/remove_cv_ref.hpp
-- Installing: C:/Projects/l4-loadbalancer/vcpkg_installed/vcpkg/pkgs/boost-type-traits_x64-windows/include/boost/type_traits/remove_extent.hpp
-- Installing: C:/Projects/l4-loadbalancer/vcpkg_installed/vcpkg/pkgs/boost-type-traits_x64-windows/include/boost/type_traits/remove_pointer.hpp
-- Installing: C:/Projects/l4-loadbalancer/vcpkg_installed/vcpkg/pkgs/boost-type-traits_x64-windows/include/boost/type_traits/remove_reference.hpp
-- Installing: C:/Projects/l4-loadbalancer/vcpkg_installed/vcpkg/pkgs/boost-type-traits_x64-windows/include/boost/type_traits/remove_volatile.hpp
-- Installing: C:/Projects/l4-loadbalancer/vcpkg_installed/vcpkg/pkgs/boost-type-traits_x64-windows/include/boost/type_traits/same_traits.hpp
-- Installing: C:/Projects/l4-loadbalancer/vcpkg_installed/vcpkg/pkgs/boost-type-traits_x64-windows/include/boost/type_traits/transform_traits.hpp
-- Installing: C:/Projects/l4-loadbalancer/vcpkg_installed/vcpkg/pkgs/boost-type-traits_x64-windows/include/boost/type_traits/type_identity.hpp
-- Installing: C:/Projects/l4-loadbalancer/vcpkg_installed/vcpkg/pkgs/boost-type-traits_x64-windows/include/boost/type_traits/type_with_alignment.hpp
-- Installing: C:/Projects/l4-loadbalancer/vcpkg_installed/vcpkg/pkgs/boost-type-traits_x64-windows/include/boost/type_traits.hpp
-- Installing: C:/Projects/l4-loadbalancer/vcpkg_installed/vcpkg/pkgs/boost-type-traits_x64-windows/include/boost/utility
-- Installing: C:/Projects/l4-loadbalancer/vcpkg_installed/vcpkg/pkgs/boost-type-traits_x64-windows/include/boost/utility/declval.hpp
-- Installing: C:/Projects/l4-loadbalancer/vcpkg_installed/vcpkg/pkgs/boost-type-traits_x64-windows/lib/cmake/boost_type_traits-1.90.0/boost_type_traits-targets.cmake
-- Installing: C:/Projects/l4-loadbalancer/vcpkg_installed/vcpkg/pkgs/boost-type-traits_x64-windows/lib/cmake/boost_type_traits-1.90.0/boost_type_traits-config.cmake
-- Installing: C:/Projects/l4-loadbalancer/vcpkg_installed/vcpkg/pkgs/boost-type-traits_x64-windows/lib/cmake/boost_type_traits-1.90.0/boost_type_traits-config-version.cmake

