# CMAKE generated file: DO NOT EDIT!
# Generated by "Ninja" Generator, CMake Version 4.3

# This file contains all the build statements describing the
# compilation DAG.

# =============================================================================
# Write statements declared in CMakeLists.txt:
# 
# Which is the root file.
# =============================================================================

# =============================================================================
# Project: CLI11
# Configurations: Debug
# =============================================================================

#############################################
# Minimal version of Ninja required by this file

ninja_required_version = 1.5


#############################################
# Set configuration variable for custom commands.

CONFIGURATION = Debug
# =============================================================================
# Include auxiliary files.


#############################################
# Include rules file.

include CMakeFiles\rules.ninja

# =============================================================================

#############################################
# Logical path to working directory; prefix for absolute paths.

cmake_ninja_workdir = C$:\Projects\l4-loadbalancer\vcpkg_installed\vcpkg\blds\cli11\x64-windows-dbg\

#############################################
# Utility command for Experimental

build Experimental: phony CMakeFiles\Experimental


#############################################
# Utility command for Nightly

build Nightly: phony CMakeFiles\Nightly


#############################################
# Utility command for Continuous

build Continuous: phony CMakeFiles\Continuous


#############################################
# Utility command for NightlyMemoryCheck

build NightlyMemoryCheck: phony CMakeFiles\NightlyMemoryCheck


#############################################
# Utility command for NightlyStart

build NightlyStart: phony CMakeFiles\NightlyStart


#############################################
# Utility command for NightlyUpdate

build NightlyUpdate: phony CMakeFiles\NightlyUpdate


#############################################
# Utility command for NightlyConfigure

build NightlyConfigure: phony CMakeFiles\NightlyConfigure


#############################################
# Utility command for NightlyBuild

build NightlyBuild: phony CMakeFiles\NightlyBuild


#############################################
# Utility command for NightlyTest

build NightlyTest: phony CMakeFiles\NightlyTest


#############################################
# Utility command for NightlyCoverage

build NightlyCoverage: phony CMakeFiles\NightlyCoverage


#############################################
# Utility command for NightlyMemCheck

build NightlyMemCheck: phony CMakeFiles\NightlyMemCheck


#############################################
# Utility command for NightlySubmit

build NightlySubmit: phony CMakeFiles\NightlySubmit


#############################################
# Utility command for ExperimentalStart

build ExperimentalStart: phony CMakeFiles\ExperimentalStart


#############################################
# Utility command for ExperimentalUpdate

build ExperimentalUpdate: phony CMakeFiles\ExperimentalUpdate


#############################################
# Utility command for ExperimentalConfigure

build ExperimentalConfigure: phony CMakeFiles\ExperimentalConfigure


#############################################
# Utility command for ExperimentalBuild

build ExperimentalBuild: phony CMakeFiles\ExperimentalBuild


#############################################
# Utility command for ExperimentalTest

build ExperimentalTest: phony CMakeFiles\ExperimentalTest


#############################################
# Utility command for ExperimentalCoverage

build ExperimentalCoverage: phony CMakeFiles\ExperimentalCoverage


#############################################
# Utility command for ExperimentalMemCheck

build ExperimentalMemCheck: phony CMakeFiles\ExperimentalMemCheck


#############################################
# Utility command for ExperimentalSubmit

build ExperimentalSubmit: phony CMakeFiles\ExperimentalSubmit


#############################################
# Utility command for ContinuousStart

build ContinuousStart: phony CMakeFiles\ContinuousStart


#############################################
# Utility command for ContinuousUpdate

build ContinuousUpdate: phony CMakeFiles\ContinuousUpdate


#############################################
# Utility command for ContinuousConfigure

build ContinuousConfigure: phony CMakeFiles\ContinuousConfigure


#############################################
# Utility command for ContinuousBuild

build ContinuousBuild: phony CMakeFiles\ContinuousBuild


#############################################
# Utility command for ContinuousTest

build ContinuousTest: phony CMakeFiles\ContinuousTest


#############################################
# Utility command for ContinuousCoverage

build ContinuousCoverage: phony CMakeFiles\ContinuousCoverage


#############################################
# Utility command for ContinuousMemCheck

build ContinuousMemCheck: phony CMakeFiles\ContinuousMemCheck


#############################################
# Utility command for ContinuousSubmit

build ContinuousSubmit: phony CMakeFiles\ContinuousSubmit


#############################################
# Utility command for package

build CMakeFiles\package.util: CUSTOM_COMMAND all
  COMMAND = C:\Windows\system32\cmd.exe /C "cd /D C:\Projects\l4-loadbalancer\vcpkg_installed\vcpkg\blds\cli11\x64-windows-dbg && "C:\Program Files\CMake\bin\cpack.exe" --config ./CPackConfig.cmake"
  DESC = Run CPack packaging tool...
  pool = console
  restat = 1

build package: phony CMakeFiles\package.util


#############################################
# Utility command for package_source

build CMakeFiles\package_source.util: CUSTOM_COMMAND
  COMMAND = C:\Windows\system32\cmd.exe /C "cd /D C:\Projects\l4-loadbalancer\vcpkg_installed\vcpkg\blds\cli11\x64-windows-dbg && "C:\Program Files\CMake\bin\cpack.exe" --config ./CPackSourceConfig.cmake"
  DESC = Run CPack packaging tool for source...
  pool = console
  restat = 1

build package_source: phony CMakeFiles\package_source.util


#############################################
# Utility command for test

build CMakeFiles\test.util: CUSTOM_COMMAND
  COMMAND = C:\Windows\system32\cmd.exe /C "cd /D C:\Projects\l4-loadbalancer\vcpkg_installed\vcpkg\blds\cli11\x64-windows-dbg && "C:\Program Files\CMake\bin\ctest.exe" "
  DESC = Running tests...
  pool = console
  restat = 1

build test: phony CMakeFiles\test.util


#############################################
# Utility command for edit_cache

build CMakeFiles\edit_cache.util: CUSTOM_COMMAND
  COMMAND = C:\Windows\system32\cmd.exe /C "cd /D C:\Projects\l4-loadbalancer\vcpkg_installed\vcpkg\blds\cli11\x64-windows-dbg && "C:\Program Files\CMake\bin\cmake-gui.exe" -SC:\Projects\l4-loadbalancer\vcpkg_installed\vcpkg\blds\cli11\src\v2.6.2-f0d9462a16.clean -BC:\Projects\l4-loadbalancer\vcpkg_installed\vcpkg\blds\cli11\x64-windows-dbg"
  DESC = Running CMake cache editor...
  pool = console
  restat = 1

build edit_cache: phony CMakeFiles\edit_cache.util


#############################################
# Utility command for rebuild_cache

build CMakeFiles\rebuild_cache.util: CUSTOM_COMMAND
  COMMAND = C:\Windows\system32\cmd.exe /C "cd /D C:\Projects\l4-loadbalancer\vcpkg_installed\vcpkg\blds\cli11\x64-windows-dbg && "C:\Program Files\CMake\bin\cmake.exe" --regenerate-during-build -SC:\Projects\l4-loadbalancer\vcpkg_installed\vcpkg\blds\cli11\src\v2.6.2-f0d9462a16.clean -BC:\Projects\l4-loadbalancer\vcpkg_installed\vcpkg\blds\cli11\x64-windows-dbg"
  DESC = Running CMake to regenerate build system...
  pool = console
  restat = 1

build rebuild_cache: phony CMakeFiles\rebuild_cache.util


#############################################
# Utility command for list_install_components

build list_install_components: phony


#############################################
# Utility command for install

build CMakeFiles\install.util: CUSTOM_COMMAND all
  COMMAND = C:\Windows\system32\cmd.exe /C "cd /D C:\Projects\l4-loadbalancer\vcpkg_installed\vcpkg\blds\cli11\x64-windows-dbg && "C:\Program Files\CMake\bin\cmake.exe" -P cmake_install.cmake"
  DESC = Install the project...
  pool = console
  restat = 1

build install: phony CMakeFiles\install.util


#############################################
# Utility command for install/local

build CMakeFiles\install\local.util: CUSTOM_COMMAND all
  COMMAND = C:\Windows\system32\cmd.exe /C "cd /D C:\Projects\l4-loadbalancer\vcpkg_installed\vcpkg\blds\cli11\x64-windows-dbg && "C:\Program Files\CMake\bin\cmake.exe" -DCMAKE_INSTALL_LOCAL_ONLY=1 -P cmake_install.cmake"
  DESC = Installing only the local directory...
  pool = console
  restat = 1

build install\local: phony CMakeFiles\install\local.util


#############################################
# Custom command for CMakeFiles\Experimental

build CMakeFiles\Experimental | ${cmake_ninja_workdir}CMakeFiles\Experimental: CUSTOM_COMMAND
  COMMAND = C:\Windows\system32\cmd.exe /C "cd /D C:\Projects\l4-loadbalancer\vcpkg_installed\vcpkg\blds\cli11\x64-windows-dbg && "C:\Program Files\CMake\bin\ctest.exe" -DMODEL=Experimental -S CMakeFiles/CTestScript.cmake -V"
  pool = console


#############################################
# Custom command for CMakeFiles\Nightly

build CMakeFiles\Nightly | ${cmake_ninja_workdir}CMakeFiles\Nightly: CUSTOM_COMMAND
  COMMAND = C:\Windows\system32\cmd.exe /C "cd /D C:\Projects\l4-loadbalancer\vcpkg_installed\vcpkg\blds\cli11\x64-windows-dbg && "C:\Program Files\CMake\bin\ctest.exe" -DMODEL=Nightly -S CMakeFiles/CTestScript.cmake -V"
  pool = console


#############################################
# Custom command for CMakeFiles\Continuous

build CMakeFiles\Continuous | ${cmake_ninja_workdir}CMakeFiles\Continuous: CUSTOM_COMMAND
  COMMAND = C:\Windows\system32\cmd.exe /C "cd /D C:\Projects\l4-loadbalancer\vcpkg_installed\vcpkg\blds\cli11\x64-windows-dbg && "C:\Program Files\CMake\bin\ctest.exe" -DMODEL=Continuous -S CMakeFiles/CTestScript.cmake -V"
  pool = console


#############################################
# Custom command for CMakeFiles\NightlyMemoryCheck

build CMakeFiles\NightlyMemoryCheck | ${cmake_ninja_workdir}CMakeFiles\NightlyMemoryCheck: CUSTOM_COMMAND
  COMMAND = C:\Windows\system32\cmd.exe /C "cd /D C:\Projects\l4-loadbalancer\vcpkg_installed\vcpkg\blds\cli11\x64-windows-dbg && "C:\Program Files\CMake\bin\ctest.exe" -DMODEL=NightlyMemoryCheck -S CMakeFiles/CTestScript.cmake -V"
  pool = console


#############################################
# Custom command for CMakeFiles\NightlyStart

build CMakeFiles\NightlyStart | ${cmake_ninja_workdir}CMakeFiles\NightlyStart: CUSTOM_COMMAND
  COMMAND = C:\Windows\system32\cmd.exe /C "cd /D C:\Projects\l4-loadbalancer\vcpkg_installed\vcpkg\blds\cli11\x64-windows-dbg && "C:\Program Files\CMake\bin\ctest.exe" -DMODEL=Nightly -DACTIONS=Start -S CMakeFiles/CTestScript.cmake -V"
  pool = console


#############################################
# Custom command for CMakeFiles\NightlyUpdate

build CMakeFiles\NightlyUpdate | ${cmake_ninja_workdir}CMakeFiles\NightlyUpdate: CUSTOM_COMMAND
  COMMAND = C:\Windows\system32\cmd.exe /C "cd /D C:\Projects\l4-loadbalancer\vcpkg_installed\vcpkg\blds\cli11\x64-windows-dbg && "C:\Program Files\CMake\bin\ctest.exe" -DMODEL=Nightly -DACTIONS=Update -S CMakeFiles/CTestScript.cmake -V"
  pool = console


#############################################
# Custom command for CMakeFiles\NightlyConfigure

build CMakeFiles\NightlyConfigure | ${cmake_ninja_workdir}CMakeFiles\NightlyConfigure: CUSTOM_COMMAND
  COMMAND = C:\Windows\system32\cmd.exe /C "cd /D C:\Projects\l4-loadbalancer\vcpkg_installed\vcpkg\blds\cli11\x64-windows-dbg && "C:\Program Files\CMake\bin\ctest.exe" -DMODEL=Nightly -DACTIONS=Configure -S CMakeFiles/CTestScript.cmake -V"
  pool = console


#############################################
# Custom command for CMakeFiles\NightlyBuild

build CMakeFiles\NightlyBuild | ${cmake_ninja_workdir}CMakeFiles\NightlyBuild: CUSTOM_COMMAND
  COMMAND = C:\Windows\system32\cmd.exe /C "cd /D C:\Projects\l4-loadbalancer\vcpkg_installed\vcpkg\blds\cli11\x64-windows-dbg && "C:\Program Files\CMake\bin\ctest.exe" -DMODEL=Nightly -DACTIONS=Build -S CMakeFiles/CTestScript.cmake -V"
  pool = console


#############################################
# Custom command for CMakeFiles\NightlyTest

build CMakeFiles\NightlyTest | ${cmake_ninja_workdir}CMakeFiles\NightlyTest: CUSTOM_COMMAND
  COMMAND = C:\Windows\system32\cmd.exe /C "cd /D C:\Projects\l4-loadbalancer\vcpkg_installed\vcpkg\blds\cli11\x64-windows-dbg && "C:\Program Files\CMake\bin\ctest.exe" -DMODEL=Nightly -DACTIONS=Test -S CMakeFiles/CTestScript.cmake -V"
  pool = console


#############################################
# Custom command for CMakeFiles\NightlyCoverage

build CMakeFiles\NightlyCoverage | ${cmake_ninja_workdir}CMakeFiles\NightlyCoverage: CUSTOM_COMMAND
  COMMAND = C:\Windows\system32\cmd.exe /C "cd /D C:\Projects\l4-loadbalancer\vcpkg_installed\vcpkg\blds\cli11\x64-windows-dbg && "C:\Program Files\CMake\bin\ctest.exe" -DMODEL=Nightly -DACTIONS=Coverage -S CMakeFiles/CTestScript.cmake -V"
  pool = console


#############################################
# Custom command for CMakeFiles\NightlyMemCheck

build CMakeFiles\NightlyMemCheck | ${cmake_ninja_workdir}CMakeFiles\NightlyMemCheck: CUSTOM_COMMAND
  COMMAND = C:\Windows\system32\cmd.exe /C "cd /D C:\Projects\l4-loadbalancer\vcpkg_installed\vcpkg\blds\cli11\x64-windows-dbg && "C:\Program Files\CMake\bin\ctest.exe" -DMODEL=Nightly -DACTIONS=MemCheck -S CMakeFiles/CTestScript.cmake -V"
  pool = console


#############################################
# Custom command for CMakeFiles\NightlySubmit

build CMakeFiles\NightlySubmit | ${cmake_ninja_workdir}CMakeFiles\NightlySubmit: CUSTOM_COMMAND
  COMMAND = C:\Windows\system32\cmd.exe /C "cd /D C:\Projects\l4-loadbalancer\vcpkg_installed\vcpkg\blds\cli11\x64-windows-dbg && "C:\Program Files\CMake\bin\ctest.exe" -DMODEL=Nightly -DACTIONS=Submit -S CMakeFiles/CTestScript.cmake -V"
  pool = console


#############################################
# Custom command for CMakeFiles\ExperimentalStart

build CMakeFiles\ExperimentalStart | ${cmake_ninja_workdir}CMakeFiles\ExperimentalStart: CUSTOM_COMMAND
  COMMAND = C:\Windows\system32\cmd.exe /C "cd /D C:\Projects\l4-loadbalancer\vcpkg_installed\vcpkg\blds\cli11\x64-windows-dbg && "C:\Program Files\CMake\bin\ctest.exe" -DMODEL=Experimental -DACTIONS=Start -S CMakeFiles/CTestScript.cmake -V"
  pool = console


#############################################
# Custom command for CMakeFiles\ExperimentalUpdate

build CMakeFiles\ExperimentalUpdate | ${cmake_ninja_workdir}CMakeFiles\ExperimentalUpdate: CUSTOM_COMMAND
  COMMAND = C:\Windows\system32\cmd.exe /C "cd /D C:\Projects\l4-loadbalancer\vcpkg_installed\vcpkg\blds\cli11\x64-windows-dbg && "C:\Program Files\CMake\bin\ctest.exe" -DMODEL=Experimental -DACTIONS=Update -S CMakeFiles/CTestScript.cmake -V"
  pool = console


#############################################
# Custom command for CMakeFiles\ExperimentalConfigure

build CMakeFiles\ExperimentalConfigure | ${cmake_ninja_workdir}CMakeFiles\ExperimentalConfigure: CUSTOM_COMMAND
  COMMAND = C:\Windows\system32\cmd.exe /C "cd /D C:\Projects\l4-loadbalancer\vcpkg_installed\vcpkg\blds\cli11\x64-windows-dbg && "C:\Program Files\CMake\bin\ctest.exe" -DMODEL=Experimental -DACTIONS=Configure -S CMakeFiles/CTestScript.cmake -V"
  pool = console


#############################################
# Custom command for CMakeFiles\ExperimentalBuild

build CMakeFiles\ExperimentalBuild | ${cmake_ninja_workdir}CMakeFiles\ExperimentalBuild: CUSTOM_COMMAND
  COMMAND = C:\Windows\system32\cmd.exe /C "cd /D C:\Projects\l4-loadbalancer\vcpkg_installed\vcpkg\blds\cli11\x64-windows-dbg && "C:\Program Files\CMake\bin\ctest.exe" -DMODEL=Experimental -DACTIONS=Build -S CMakeFiles/CTestScript.cmake -V"
  pool = console


#############################################
# Custom command for CMakeFiles\ExperimentalTest

build CMakeFiles\ExperimentalTest | ${cmake_ninja_workdir}CMakeFiles\ExperimentalTest: CUSTOM_COMMAND
  COMMAND = C:\Windows\system32\cmd.exe /C "cd /D C:\Projects\l4-loadbalancer\vcpkg_installed\vcpkg\blds\cli11\x64-windows-dbg && "C:\Program Files\CMake\bin\ctest.exe" -DMODEL=Experimental -DACTIONS=Test -S CMakeFiles/CTestScript.cmake -V"
  pool = console


#############################################
# Custom command for CMakeFiles\ExperimentalCoverage

build CMakeFiles\ExperimentalCoverage | ${cmake_ninja_workdir}CMakeFiles\ExperimentalCoverage: CUSTOM_COMMAND
  COMMAND = C:\Windows\system32\cmd.exe /C "cd /D C:\Projects\l4-loadbalancer\vcpkg_installed\vcpkg\blds\cli11\x64-windows-dbg && "C:\Program Files\CMake\bin\ctest.exe" -DMODEL=Experimental -DACTIONS=Coverage -S CMakeFiles/CTestScript.cmake -V"
  pool = console


#############################################
# Custom command for CMakeFiles\ExperimentalMemCheck

build CMakeFiles\ExperimentalMemCheck | ${cmake_ninja_workdir}CMakeFiles\ExperimentalMemCheck: CUSTOM_COMMAND
  COMMAND = C:\Windows\system32\cmd.exe /C "cd /D C:\Projects\l4-loadbalancer\vcpkg_installed\vcpkg\blds\cli11\x64-windows-dbg && "C:\Program Files\CMake\bin\ctest.exe" -DMODEL=Experimental -DACTIONS=MemCheck -S CMakeFiles/CTestScript.cmake -V"
  pool = console


#############################################
# Custom command for CMakeFiles\ExperimentalSubmit

build CMakeFiles\ExperimentalSubmit | ${cmake_ninja_workdir}CMakeFiles\ExperimentalSubmit: CUSTOM_COMMAND
  COMMAND = C:\Windows\system32\cmd.exe /C "cd /D C:\Projects\l4-loadbalancer\vcpkg_installed\vcpkg\blds\cli11\x64-windows-dbg && "C:\Program Files\CMake\bin\ctest.exe" -DMODEL=Experimental -DACTIONS=Submit -S CMakeFiles/CTestScript.cmake -V"
  pool = console


#############################################
# Custom command for CMakeFiles\ContinuousStart

build CMakeFiles\ContinuousStart | ${cmake_ninja_workdir}CMakeFiles\ContinuousStart: CUSTOM_COMMAND
  COMMAND = C:\Windows\system32\cmd.exe /C "cd /D C:\Projects\l4-loadbalancer\vcpkg_installed\vcpkg\blds\cli11\x64-windows-dbg && "C:\Program Files\CMake\bin\ctest.exe" -DMODEL=Continuous -DACTIONS=Start -S CMakeFiles/CTestScript.cmake -V"
  pool = console


#############################################
# Custom command for CMakeFiles\ContinuousUpdate

build CMakeFiles\ContinuousUpdate | ${cmake_ninja_workdir}CMakeFiles\ContinuousUpdate: CUSTOM_COMMAND
  COMMAND = C:\Windows\system32\cmd.exe /C "cd /D C:\Projects\l4-loadbalancer\vcpkg_installed\vcpkg\blds\cli11\x64-windows-dbg && "C:\Program Files\CMake\bin\ctest.exe" -DMODEL=Continuous -DACTIONS=Update -S CMakeFiles/CTestScript.cmake -V"
  pool = console


#############################################
# Custom command for CMakeFiles\ContinuousConfigure

build CMakeFiles\ContinuousConfigure | ${cmake_ninja_workdir}CMakeFiles\ContinuousConfigure: CUSTOM_COMMAND
  COMMAND = C:\Windows\system32\cmd.exe /C "cd /D C:\Projects\l4-loadbalancer\vcpkg_installed\vcpkg\blds\cli11\x64-windows-dbg && "C:\Program Files\CMake\bin\ctest.exe" -DMODEL=Continuous -DACTIONS=Configure -S CMakeFiles/CTestScript.cmake -V"
  pool = console


#############################################
# Custom command for CMakeFiles\ContinuousBuild

build CMakeFiles\ContinuousBuild | ${cmake_ninja_workdir}CMakeFiles\ContinuousBuild: CUSTOM_COMMAND
  COMMAND = C:\Windows\system32\cmd.exe /C "cd /D C:\Projects\l4-loadbalancer\vcpkg_installed\vcpkg\blds\cli11\x64-windows-dbg && "C:\Program Files\CMake\bin\ctest.exe" -DMODEL=Continuous -DACTIONS=Build -S CMakeFiles/CTestScript.cmake -V"
  pool = console


#############################################
# Custom command for CMakeFiles\ContinuousTest

build CMakeFiles\ContinuousTest | ${cmake_ninja_workdir}CMakeFiles\ContinuousTest: CUSTOM_COMMAND
  COMMAND = C:\Windows\system32\cmd.exe /C "cd /D C:\Projects\l4-loadbalancer\vcpkg_installed\vcpkg\blds\cli11\x64-windows-dbg && "C:\Program Files\CMake\bin\ctest.exe" -DMODEL=Continuous -DACTIONS=Test -S CMakeFiles/CTestScript.cmake -V"
  pool = console


#############################################
# Custom command for CMakeFiles\ContinuousCoverage

build CMakeFiles\ContinuousCoverage | ${cmake_ninja_workdir}CMakeFiles\ContinuousCoverage: CUSTOM_COMMAND
  COMMAND = C:\Windows\system32\cmd.exe /C "cd /D C:\Projects\l4-loadbalancer\vcpkg_installed\vcpkg\blds\cli11\x64-windows-dbg && "C:\Program Files\CMake\bin\ctest.exe" -DMODEL=Continuous -DACTIONS=Coverage -S CMakeFiles/CTestScript.cmake -V"
  pool = console


#############################################
# Custom command for CMakeFiles\ContinuousMemCheck

build CMakeFiles\ContinuousMemCheck | ${cmake_ninja_workdir}CMakeFiles\ContinuousMemCheck: CUSTOM_COMMAND
  COMMAND = C:\Windows\system32\cmd.exe /C "cd /D C:\Projects\l4-loadbalancer\vcpkg_installed\vcpkg\blds\cli11\x64-windows-dbg && "C:\Program Files\CMake\bin\ctest.exe" -DMODEL=Continuous -DACTIONS=MemCheck -S CMakeFiles/CTestScript.cmake -V"
  pool = console


#############################################
# Custom command for CMakeFiles\ContinuousSubmit

build CMakeFiles\ContinuousSubmit | ${cmake_ninja_workdir}CMakeFiles\ContinuousSubmit: CUSTOM_COMMAND
  COMMAND = C:\Windows\system32\cmd.exe /C "cd /D C:\Projects\l4-loadbalancer\vcpkg_installed\vcpkg\blds\cli11\x64-windows-dbg && "C:\Program Files\CMake\bin\ctest.exe" -DMODEL=Continuous -DACTIONS=Submit -S CMakeFiles/CTestScript.cmake -V"
  pool = console

# =============================================================================
# Write statements declared in CMakeLists.txt:
# C:/Projects/l4-loadbalancer/vcpkg_installed/vcpkg/blds/cli11/src/v2.6.2-f0d9462a16.clean/CMakeLists.txt
# =============================================================================


#############################################
# Utility command for package

build fuzz\CMakeFiles\package.util: CUSTOM_COMMAND fuzz\all
  COMMAND = C:\Windows\system32\cmd.exe /C "cd /D C:\Projects\l4-loadbalancer\vcpkg_installed\vcpkg\blds\cli11\x64-windows-dbg && "C:\Program Files\CMake\bin\cpack.exe" --config ./CPackConfig.cmake"
  DESC = Run CPack packaging tool...
  pool = console
  restat = 1

build fuzz\package: phony fuzz\CMakeFiles\package.util


#############################################
# Utility command for package_source

build fuzz\CMakeFiles\package_source.util: CUSTOM_COMMAND
  COMMAND = C:\Windows\system32\cmd.exe /C "cd /D C:\Projects\l4-loadbalancer\vcpkg_installed\vcpkg\blds\cli11\x64-windows-dbg && "C:\Program Files\CMake\bin\cpack.exe" --config ./CPackSourceConfig.cmake"
  DESC = Run CPack packaging tool for source...
  pool = console
  restat = 1

build fuzz\package_source: phony fuzz\CMakeFiles\package_source.util


#############################################
# Utility command for test

build fuzz\CMakeFiles\test.util: CUSTOM_COMMAND
  COMMAND = C:\Windows\system32\cmd.exe /C "cd /D C:\Projects\l4-loadbalancer\vcpkg_installed\vcpkg\blds\cli11\x64-windows-dbg\fuzz && "C:\Program Files\CMake\bin\ctest.exe" "
  DESC = Running tests...
  pool = console
  restat = 1

build fuzz\test: phony fuzz\CMakeFiles\test.util


#############################################
# Utility command for edit_cache

build fuzz\CMakeFiles\edit_cache.util: CUSTOM_COMMAND
  COMMAND = C:\Windows\system32\cmd.exe /C "cd /D C:\Projects\l4-loadbalancer\vcpkg_installed\vcpkg\blds\cli11\x64-windows-dbg\fuzz && "C:\Program Files\CMake\bin\cmake-gui.exe" -SC:\Projects\l4-loadbalancer\vcpkg_installed\vcpkg\blds\cli11\src\v2.6.2-f0d9462a16.clean -BC:\Projects\l4-loadbalancer\vcpkg_installed\vcpkg\blds\cli11\x64-windows-dbg"
  DESC = Running CMake cache editor...
  pool = console
  restat = 1

build fuzz\edit_cache: phony fuzz\CMakeFiles\edit_cache.util


#############################################
# Utility command for rebuild_cache

build fuzz\CMakeFiles\rebuild_cache.util: CUSTOM_COMMAND
  COMMAND = C:\Windows\system32\cmd.exe /C "cd /D C:\Projects\l4-loadbalancer\vcpkg_installed\vcpkg\blds\cli11\x64-windows-dbg\fuzz && "C:\Program Files\CMake\bin\cmake.exe" --regenerate-during-build -SC:\Projects\l4-loadbalancer\vcpkg_installed\vcpkg\blds\cli11\src\v2.6.2-f0d9462a16.clean -BC:\Projects\l4-loadbalancer\vcpkg_installed\vcpkg\blds\cli11\x64-windows-dbg"
  DESC = Running CMake to regenerate build system...
  pool = console
  restat = 1

build fuzz\rebuild_cache: phony fuzz\CMakeFiles\rebuild_cache.util


#############################################
# Utility command for list_install_components

build fuzz\list_install_components: phony


#############################################
# Utility command for install

build fuzz\CMakeFiles\install.util: CUSTOM_COMMAND fuzz\all
  COMMAND = C:\Windows\system32\cmd.exe /C "cd /D C:\Projects\l4-loadbalancer\vcpkg_installed\vcpkg\blds\cli11\x64-windows-dbg\fuzz && "C:\Program Files\CMake\bin\cmake.exe" -P cmake_install.cmake"
  DESC = Install the project...
  pool = console
  restat = 1

build fuzz\install: phony fuzz\CMakeFiles\install.util


#############################################
# Utility command for install/local

build fuzz\CMakeFiles\install\local.util: CUSTOM_COMMAND fuzz\all
  COMMAND = C:\Windows\system32\cmd.exe /C "cd /D C:\Projects\l4-loadbalancer\vcpkg_installed\vcpkg\blds\cli11\x64-windows-dbg\fuzz && "C:\Program Files\CMake\bin\cmake.exe" -DCMAKE_INSTALL_LOCAL_ONLY=1 -P cmake_install.cmake"
  DESC = Installing only the local directory...
  pool = console
  restat = 1

build fuzz\install\local: phony fuzz\CMakeFiles\install\local.util

# =============================================================================
# Write statements declared in CMakeLists.txt:
# C:/Projects/l4-loadbalancer/vcpkg_installed/vcpkg/blds/cli11/src/v2.6.2-f0d9462a16.clean/CMakeLists.txt
# =============================================================================

# =============================================================================
# Object build statements for STATIC_LIBRARY target CLI11


#############################################
# Order-only phony target for CLI11

build cmake_object_order_depends_target_CLI11: phony || .

build src\CMakeFiles\CLI11.dir\Precompile.cpp.obj: CXX_COMPILER__CLI11_unscanned_Debug C$:\Projects\l4-loadbalancer\vcpkg_installed\vcpkg\blds\cli11\src\v2.6.2-f0d9462a16.clean\src\Precompile.cpp || cmake_object_order_depends_target_CLI11
  CONFIG = Debug
  DEFINES = -DCLI11_COMPILE -D_MBCS
  FLAGS = /nologo /DWIN32 /D_WINDOWS /utf-8 /GR /EHsc /MP  /MDd /Z7 /Ob0 /Od /RTC1  -std:c++17 -MDd -RTC1
  INCLUDES = -IC:\Projects\l4-loadbalancer\vcpkg_installed\vcpkg\blds\cli11\src\v2.6.2-f0d9462a16.clean\include
  OBJECT_DIR = src\CMakeFiles\CLI11.dir
  OBJECT_FILE_DIR = src\CMakeFiles\CLI11.dir
  TARGET_COMPILE_PDB = src\CMakeFiles\CLI11.dir\CLI11.pdb
  TARGET_PDB = src\CLI11.pdb
  TARGET_SUPPORT_DIR = src\CMakeFiles\CLI11.dir


# =============================================================================
# Link build statements for STATIC_LIBRARY target CLI11


#############################################
# Link the static library src\CLI11.lib

build src\CLI11.lib: CXX_STATIC_LIBRARY_LINKER__CLI11_Debug src\CMakeFiles\CLI11.dir\Precompile.cpp.obj
  CONFIG = Debug
  LANGUAGE_COMPILE_FLAGS = /nologo /DWIN32 /D_WINDOWS /utf-8 /GR /EHsc /MP  /MDd /Z7 /Ob0 /Od /RTC1  -MDd -RTC1
  LINK_FLAGS = /nologo
  OBJECT_DIR = src\CMakeFiles\CLI11.dir
  POST_BUILD = cd .
  PRE_LINK = cd .
  TARGET_COMPILE_PDB = src\CMakeFiles\CLI11.dir\CLI11.pdb
  TARGET_FILE = src\CLI11.lib
  TARGET_PDB = src\CLI11.pdb
  TARGET_SUPPORT_DIR = src\CMakeFiles\CLI11.dir


#############################################
# Utility command for package

build src\CMakeFiles\package.util: CUSTOM_COMMAND src\all
  COMMAND = C:\Windows\system32\cmd.exe /C "cd /D C:\Projects\l4-loadbalancer\vcpkg_installed\vcpkg\blds\cli11\x64-windows-dbg && "C:\Program Files\CMake\bin\cpack.exe" --config ./CPackConfig.cmake"
  DESC = Run CPack packaging tool...
  pool = console
  restat = 1

build src\package: phony src\CMakeFiles\package.util


#############################################
# Utility command for package_source

build src\CMakeFiles\package_source.util: CUSTOM_COMMAND
  COMMAND = C:\Windows\system32\cmd.exe /C "cd /D C:\Projects\l4-loadbalancer\vcpkg_installed\vcpkg\blds\cli11\x64-windows-dbg && "C:\Program Files\CMake\bin\cpack.exe" --config ./CPackSourceConfig.cmake"
  DESC = Run CPack packaging tool for source...
  pool = console
  restat = 1

build src\package_source: phony src\CMakeFiles\package_source.util


#############################################
# Utility command for test

build src\CMakeFiles\test.util: CUSTOM_COMMAND
  COMMAND = C:\Windows\system32\cmd.exe /C "cd /D C:\Projects\l4-loadbalancer\vcpkg_installed\vcpkg\blds\cli11\x64-windows-dbg\src && "C:\Program Files\CMake\bin\ctest.exe" "
  DESC = Running tests...
  pool = console
  restat = 1

build src\test: phony src\CMakeFiles\test.util


#############################################
# Utility command for edit_cache

build src\CMakeFiles\edit_cache.util: CUSTOM_COMMAND
  COMMAND = C:\Windows\system32\cmd.exe /C "cd /D C:\Projects\l4-loadbalancer\vcpkg_installed\vcpkg\blds\cli11\x64-windows-dbg\src && "C:\Program Files\CMake\bin\cmake-gui.exe" -SC:\Projects\l4-loadbalancer\vcpkg_installed\vcpkg\blds\cli11\src\v2.6.2-f0d9462a16.clean -BC:\Projects\l4-loadbalancer\vcpkg_installed\vcpkg\blds\cli11\x64-windows-dbg"
  DESC = Running CMake cache editor...
  pool = console
  restat = 1

build src\edit_cache: phony src\CMakeFiles\edit_cache.util


#############################################
# Utility command for rebuild_cache

build src\CMakeFiles\rebuild_cache.util: CUSTOM_COMMAND
  COMMAND = C:\Windows\system32\cmd.exe /C "cd /D C:\Projects\l4-loadbalancer\vcpkg_installed\vcpkg\blds\cli11\x64-windows-dbg\src && "C:\Program Files\CMake\bin\cmake.exe" --regenerate-during-build -SC:\Projects\l4-loadbalancer\vcpkg_installed\vcpkg\blds\cli11\src\v2.6.2-f0d9462a16.clean -BC:\Projects\l4-loadbalancer\vcpkg_installed\vcpkg\blds\cli11\x64-windows-dbg"
  DESC = Running CMake to regenerate build system...
  pool = console
  restat = 1

build src\rebuild_cache: phony src\CMakeFiles\rebuild_cache.util


#############################################
# Utility command for list_install_components

build src\list_install_components: phony


#############################################
# Utility command for install

build src\CMakeFiles\install.util: CUSTOM_COMMAND src\all
  COMMAND = C:\Windows\system32\cmd.exe /C "cd /D C:\Projects\l4-loadbalancer\vcpkg_installed\vcpkg\blds\cli11\x64-windows-dbg\src && "C:\Program Files\CMake\bin\cmake.exe" -P cmake_install.cmake"
  DESC = Install the project...
  pool = console
  restat = 1

build src\install: phony src\CMakeFiles\install.util


#############################################
# Utility command for install/local

build src\CMakeFiles\install\local.util: CUSTOM_COMMAND src\all
  COMMAND = C:\Windows\system32\cmd.exe /C "cd /D C:\Projects\l4-loadbalancer\vcpkg_installed\vcpkg\blds\cli11\x64-windows-dbg\src && "C:\Program Files\CMake\bin\cmake.exe" -DCMAKE_INSTALL_LOCAL_ONLY=1 -P cmake_install.cmake"
  DESC = Installing only the local directory...
  pool = console
  restat = 1

build src\install\local: phony src\CMakeFiles\install\local.util

# =============================================================================
# Write statements declared in CMakeLists.txt:
# C:/Projects/l4-loadbalancer/vcpkg_installed/vcpkg/blds/cli11/src/v2.6.2-f0d9462a16.clean/CMakeLists.txt
# =============================================================================


#############################################
# Utility command for package

build single-include\CMakeFiles\package.util: CUSTOM_COMMAND single-include\all
  COMMAND = C:\Windows\system32\cmd.exe /C "cd /D C:\Projects\l4-loadbalancer\vcpkg_installed\vcpkg\blds\cli11\x64-windows-dbg && "C:\Program Files\CMake\bin\cpack.exe" --config ./CPackConfig.cmake"
  DESC = Run CPack packaging tool...
  pool = console
  restat = 1

build single-include\package: phony single-include\CMakeFiles\package.util


#############################################
# Utility command for package_source

build single-include\CMakeFiles\package_source.util: CUSTOM_COMMAND
  COMMAND = C:\Windows\system32\cmd.exe /C "cd /D C:\Projects\l4-loadbalancer\vcpkg_installed\vcpkg\blds\cli11\x64-windows-dbg && "C:\Program Files\CMake\bin\cpack.exe" --config ./CPackSourceConfig.cmake"
  DESC = Run CPack packaging tool for source...
  pool = console
  restat = 1

build single-include\package_source: phony single-include\CMakeFiles\package_source.util


#############################################
# Utility command for test

build single-include\CMakeFiles\test.util: CUSTOM_COMMAND
  COMMAND = C:\Windows\system32\cmd.exe /C "cd /D C:\Projects\l4-loadbalancer\vcpkg_installed\vcpkg\blds\cli11\x64-windows-dbg\single-include && "C:\Program Files\CMake\bin\ctest.exe" "
  DESC = Running tests...
  pool = console
  restat = 1

build single-include\test: phony single-include\CMakeFiles\test.util


#############################################
# Utility command for edit_cache

build single-include\CMakeFiles\edit_cache.util: CUSTOM_COMMAND
  COMMAND = C:\Windows\system32\cmd.exe /C "cd /D C:\Projects\l4-loadbalancer\vcpkg_installed\vcpkg\blds\cli11\x64-windows-dbg\single-include && "C:\Program Files\CMake\bin\cmake-gui.exe" -SC:\Projects\l4-loadbalancer\vcpkg_installed\vcpkg\blds\cli11\src\v2.6.2-f0d9462a16.clean -BC:\Projects\l4-loadbalancer\vcpkg_installed\vcpkg\blds\cli11\x64-windows-dbg"
  DESC = Running CMake cache editor...
  pool = console
  restat = 1

build single-include\edit_cache: phony single-include\CMakeFiles\edit_cache.util


#############################################
# Utility command for rebuild_cache

build single-include\CMakeFiles\rebuild_cache.util: CUSTOM_COMMAND
  COMMAND = C:\Windows\system32\cmd.exe /C "cd /D C:\Projects\l4-loadbalancer\vcpkg_installed\vcpkg\blds\cli11\x64-windows-dbg\single-include && "C:\Program Files\CMake\bin\cmake.exe" --regenerate-during-build -SC:\Projects\l4-loadbalancer\vcpkg_installed\vcpkg\blds\cli11\src\v2.6.2-f0d9462a16.clean -BC:\Projects\l4-loadbalancer\vcpkg_installed\vcpkg\blds\cli11\x64-windows-dbg"
  DESC = Running CMake to regenerate build system...
  pool = console
  restat = 1

build single-include\rebuild_cache: phony single-include\CMakeFiles\rebuild_cache.util


#############################################
# Utility command for list_install_components

build single-include\list_install_components: phony


#############################################
# Utility command for install

build single-include\CMakeFiles\install.util: CUSTOM_COMMAND single-include\all
  COMMAND = C:\Windows\system32\cmd.exe /C "cd /D C:\Projects\l4-loadbalancer\vcpkg_installed\vcpkg\blds\cli11\x64-windows-dbg\single-include && "C:\Program Files\CMake\bin\cmake.exe" -P cmake_install.cmake"
  DESC = Install the project...
  pool = console
  restat = 1

build single-include\install: phony single-include\CMakeFiles\install.util


#############################################
# Utility command for install/local

build single-include\CMakeFiles\install\local.util: CUSTOM_COMMAND single-include\all
  COMMAND = C:\Windows\system32\cmd.exe /C "cd /D C:\Projects\l4-loadbalancer\vcpkg_installed\vcpkg\blds\cli11\x64-windows-dbg\single-include && "C:\Program Files\CMake\bin\cmake.exe" -DCMAKE_INSTALL_LOCAL_ONLY=1 -P cmake_install.cmake"
  DESC = Installing only the local directory...
  pool = console
  restat = 1

build single-include\install\local: phony single-include\CMakeFiles\install\local.util

# =============================================================================
# Write statements declared in CMakeLists.txt:
# C:/Projects/l4-loadbalancer/vcpkg_installed/vcpkg/blds/cli11/src/v2.6.2-f0d9462a16.clean/CMakeLists.txt
# =============================================================================


#############################################
# Utility command for cli_book

build book\cli_book: phony


#############################################
# Utility command for package

build book\CMakeFiles\package.util: CUSTOM_COMMAND book\all
  COMMAND = C:\Windows\system32\cmd.exe /C "cd /D C:\Projects\l4-loadbalancer\vcpkg_installed\vcpkg\blds\cli11\x64-windows-dbg && "C:\Program Files\CMake\bin\cpack.exe" --config ./CPackConfig.cmake"
  DESC = Run CPack packaging tool...
  pool = console
  restat = 1

build book\package: phony book\CMakeFiles\package.util


#############################################
# Utility command for package_source

build book\CMakeFiles\package_source.util: CUSTOM_COMMAND
  COMMAND = C:\Windows\system32\cmd.exe /C "cd /D C:\Projects\l4-loadbalancer\vcpkg_installed\vcpkg\blds\cli11\x64-windows-dbg && "C:\Program Files\CMake\bin\cpack.exe" --config ./CPackSourceConfig.cmake"
  DESC = Run CPack packaging tool for source...
  pool = console
  restat = 1

build book\package_source: phony book\CMakeFiles\package_source.util


#############################################
# Utility command for test

build book\CMakeFiles\test.util: CUSTOM_COMMAND
  COMMAND = C:\Windows\system32\cmd.exe /C "cd /D C:\Projects\l4-loadbalancer\vcpkg_installed\vcpkg\blds\cli11\x64-windows-dbg\book && "C:\Program Files\CMake\bin\ctest.exe" "
  DESC = Running tests...
  pool = console
  restat = 1

build book\test: phony book\CMakeFiles\test.util


#############################################
# Utility command for edit_cache

build book\CMakeFiles\edit_cache.util: CUSTOM_COMMAND
  COMMAND = C:\Windows\system32\cmd.exe /C "cd /D C:\Projects\l4-loadbalancer\vcpkg_installed\vcpkg\blds\cli11\x64-windows-dbg\book && "C:\Program Files\CMake\bin\cmake-gui.exe" -SC:\Projects\l4-loadbalancer\vcpkg_installed\vcpkg\blds\cli11\src\v2.6.2-f0d9462a16.clean -BC:\Projects\l4-loadbalancer\vcpkg_installed\vcpkg\blds\cli11\x64-windows-dbg"
  DESC = Running CMake cache editor...
  pool = console
  restat = 1

build book\edit_cache: phony book\CMakeFiles\edit_cache.util


#############################################
# Utility command for rebuild_cache

build book\CMakeFiles\rebuild_cache.util: CUSTOM_COMMAND
  COMMAND = C:\Windows\system32\cmd.exe /C "cd /D C:\Projects\l4-loadbalancer\vcpkg_installed\vcpkg\blds\cli11\x64-windows-dbg\book && "C:\Program Files\CMake\bin\cmake.exe" --regenerate-during-build -SC:\Projects\l4-loadbalancer\vcpkg_installed\vcpkg\blds\cli11\src\v2.6.2-f0d9462a16.clean -BC:\Projects\l4-loadbalancer\vcpkg_installed\vcpkg\blds\cli11\x64-windows-dbg"
  DESC = Running CMake to regenerate build system...
  pool = console
  restat = 1

build book\rebuild_cache: phony book\CMakeFiles\rebuild_cache.util


#############################################
# Utility command for list_install_components

build book\list_install_components: phony


#############################################
# Utility command for install

build book\CMakeFiles\install.util: CUSTOM_COMMAND book\all
  COMMAND = C:\Windows\system32\cmd.exe /C "cd /D C:\Projects\l4-loadbalancer\vcpkg_installed\vcpkg\blds\cli11\x64-windows-dbg\book && "C:\Program Files\CMake\bin\cmake.exe" -P cmake_install.cmake"
  DESC = Install the project...
  pool = console
  restat = 1

build book\install: phony book\CMakeFiles\install.util


#############################################
# Utility command for install/local

build book\CMakeFiles\install\local.util: CUSTOM_COMMAND book\all
  COMMAND = C:\Windows\system32\cmd.exe /C "cd /D C:\Projects\l4-loadbalancer\vcpkg_installed\vcpkg\blds\cli11\x64-windows-dbg\book && "C:\Program Files\CMake\bin\cmake.exe" -DCMAKE_INSTALL_LOCAL_ONLY=1 -P cmake_install.cmake"
  DESC = Installing only the local directory...
  pool = console
  restat = 1

build book\install\local: phony book\CMakeFiles\install\local.util

# =============================================================================
# Target aliases.

build CLI11: phony src\CLI11.lib

build CLI11.lib: phony src\CLI11.lib

build cli_book: phony book\cli_book

# =============================================================================
# Folder targets.

# =============================================================================

#############################################
# Folder: C:/Projects/l4-loadbalancer/vcpkg_installed/vcpkg/blds/cli11/x64-windows-dbg

build codegen: phony fuzz\codegen src\codegen single-include\codegen book\codegen

# =============================================================================

#############################################
# Folder: C:/Projects/l4-loadbalancer/vcpkg_installed/vcpkg/blds/cli11/x64-windows-dbg/book

build book\codegen: phony

# =============================================================================

#############################################
# Folder: C:/Projects/l4-loadbalancer/vcpkg_installed/vcpkg/blds/cli11/x64-windows-dbg/fuzz

build fuzz\codegen: phony

# =============================================================================

#############################################
# Folder: C:/Projects/l4-loadbalancer/vcpkg_installed/vcpkg/blds/cli11/x64-windows-dbg/single-include

build single-include\codegen: phony

# =============================================================================

#############################################
# Folder: C:/Projects/l4-loadbalancer/vcpkg_installed/vcpkg/blds/cli11/x64-windows-dbg/src

build src\codegen: phony

# =============================================================================

#############################################
# Folder: C:/Projects/l4-loadbalancer/vcpkg_installed/vcpkg/blds/cli11/x64-windows-dbg

build all: phony fuzz\all src\all single-include\all book\all

# =============================================================================

#############################################
# Folder: C:/Projects/l4-loadbalancer/vcpkg_installed/vcpkg/blds/cli11/x64-windows-dbg/book

build book\all: phony

# =============================================================================

#############################################
# Folder: C:/Projects/l4-loadbalancer/vcpkg_installed/vcpkg/blds/cli11/x64-windows-dbg/fuzz

build fuzz\all: phony

# =============================================================================

#############################################
# Folder: C:/Projects/l4-loadbalancer/vcpkg_installed/vcpkg/blds/cli11/x64-windows-dbg/single-include

build single-include\all: phony

# =============================================================================

#############################################
# Folder: C:/Projects/l4-loadbalancer/vcpkg_installed/vcpkg/blds/cli11/x64-windows-dbg/src

build src\all: phony src\CLI11.lib

# =============================================================================
# Built-in targets


#############################################
# Re-run CMake if any of its inputs changed.

build build.ninja C$:\Projects\l4-loadbalancer\vcpkg_installed\vcpkg\blds\cli11\x64-windows-dbg\cmake_install.cmake C$:\Projects\l4-loadbalancer\vcpkg_installed\vcpkg\blds\cli11\x64-windows-dbg\fuzz\cmake_install.cmake C$:\Projects\l4-loadbalancer\vcpkg_installed\vcpkg\blds\cli11\x64-windows-dbg\src\cmake_install.cmake C$:\Projects\l4-loadbalancer\vcpkg_installed\vcpkg\blds\cli11\x64-windows-dbg\single-include\cmake_install.cmake C$:\Projects\l4-loadbalancer\vcpkg_installed\vcpkg\blds\cli11\x64-windows-dbg\book\cmake_install.cmake C$:\Projects\l4-loadbalancer\vcpkg_installed\vcpkg\blds\cli11\x64-windows-dbg\CTestTestfile.cmake C$:\Projects\l4-loadbalancer\vcpkg_installed\vcpkg\blds\cli11\x64-windows-dbg\fuzz\CTestTestfile.cmake C$:\Projects\l4-loadbalancer\vcpkg_installed\vcpkg\blds\cli11\x64-windows-dbg\src\CTestTestfile.cmake C$:\Projects\l4-loadbalancer\vcpkg_installed\vcpkg\blds\cli11\x64-windows-dbg\single-include\CTestTestfile.cmake C$:\Projects\l4-loadbalancer\vcpkg_installed\vcpkg\blds\cli11\x64-windows-dbg\book\CTestTestfile.cmake: RERUN_CMAKE | C$:\Program$ Files\CMake\share\cmake-4.3\Modules\CMakeCXXCompiler.cmake.in C$:\Program$ Files\CMake\share\cmake-4.3\Modules\CMakeCXXCompilerABI.cpp C$:\Program$ Files\CMake\share\cmake-4.3\Modules\CMakeCXXInformation.cmake C$:\Program$ Files\CMake\share\cmake-4.3\Modules\CMakeCommonLanguageInclude.cmake C$:\Program$ Files\CMake\share\cmake-4.3\Modules\CMakeCompilerIdDetection.cmake C$:\Program$ Files\CMake\share\cmake-4.3\Modules\CMakeDependentOption.cmake C$:\Program$ Files\CMake\share\cmake-4.3\Modules\CMakeDetermineCXXCompiler.cmake C$:\Program$ Files\CMake\share\cmake-4.3\Modules\CMakeDetermineCompiler.cmake C$:\Program$ Files\CMake\share\cmake-4.3\Modules\CMakeDetermineCompilerABI.cmake C$:\Program$ Files\CMake\share\cmake-4.3\Modules\CMakeDetermineCompilerId.cmake C$:\Program$ Files\CMake\share\cmake-4.3\Modules\CMakeDetermineCompilerSupport.cmake C$:\Program$ Files\CMake\share\cmake-4.3\Modules\CMakeDetermineRCCompiler.cmake C$:\Program$ Files\CMake\share\cmake-4.3\Modules\CMakeDetermineSystem.cmake C$:\Program$ Files\CMake\share\cmake-4.3\Modules\CMakeFindBinUtils.cmake C$:\Program$ Files\CMake\share\cmake-4.3\Modules\CMakeGenericSystem.cmake C$:\Program$ Files\CMake\share\cmake-4.3\Modules\CMakeInitializeConfigs.cmake C$:\Program$ Files\CMake\share\cmake-4.3\Modules\CMakeLanguageInformation.cmake C$:\Program$ Files\CMake\share\cmake-4.3\Modules\CMakeParseImplicitIncludeInfo.cmake C$:\Program$ Files\CMake\share\cmake-4.3\Modules\CMakeParseImplicitLinkInfo.cmake C$:\Program$ Files\CMake\share\cmake-4.3\Modules\CMakeParseLibraryArchitecture.cmake C$:\Program$ Files\CMake\share\cmake-4.3\Modules\CMakeRCCompiler.cmake.in C$:\Program$ Files\CMake\share\cmake-4.3\Modules\CMakeRCInformation.cmake C$:\Program$ Files\CMake\share\cmake-4.3\Modules\CMakeSystem.cmake.in C$:\Program$ Files\CMake\share\cmake-4.3\Modules\CMakeSystemSpecificInformation.cmake C$:\Program$ Files\CMake\share\cmake-4.3\Modules\CMakeSystemSpecificInitialize.cmake C$:\Program$ Files\CMake\share\cmake-4.3\Modules\CMakeTestCXXCompiler.cmake C$:\Program$ Files\CMake\share\cmake-4.3\Modules\CMakeTestCompilerCommon.cmake C$:\Program$ Files\CMake\share\cmake-4.3\Modules\CMakeTestRCCompiler.cmake C$:\Program$ Files\CMake\share\cmake-4.3\Modules\CPack.cmake C$:\Program$ Files\CMake\share\cmake-4.3\Modules\CPackComponent.cmake C$:\Program$ Files\CMake\share\cmake-4.3\Modules\CTest.cmake C$:\Program$ Files\CMake\share\cmake-4.3\Modules\CTestTargets.cmake C$:\Program$ Files\CMake\share\cmake-4.3\Modules\CTestUseLaunchers.cmake C$:\Program$ Files\CMake\share\cmake-4.3\Modules\Compiler\ADSP-DetermineCompiler.cmake C$:\Program$ Files\CMake\share\cmake-4.3\Modules\Compiler\ARMCC-DetermineCompiler.cmake C$:\Program$ Files\CMake\share\cmake-4.3\Modules\Compiler\ARMClang-DetermineCompiler.cmake C$:\Program$ Files\CMake\share\cmake-4.3\Modules\Compiler\AppleClang-DetermineCompiler.cmake C$:\Program$ Files\CMake\share\cmake-4.3\Modules\Compiler\Borland-DetermineCompiler.cmake C$:\Program$ Files\CMake\share\cmake-4.3\Modules\Compiler\CMakeCommonCompilerMacros.cmake C$:\Program$ Files\CMake\share\cmake-4.3\Modules\Compiler\Clang-DetermineCompiler.cmake C$:\Program$ Files\CMake\share\cmake-4.3\Modules\Compiler\Clang-DetermineCompilerInternal.cmake C$:\Program$ Files\CMake\share\cmake-4.3\Modules\Compiler\Compaq-CXX-DetermineCompiler.cmake C$:\Program$ Files\CMake\share\cmake-4.3\Modules\Compiler\Cray-DetermineCompiler.cmake C$:\Program$ Files\CMake\share\cmake-4.3\Modules\Compiler\CrayClang-DetermineCompiler.cmake C$:\Program$ Files\CMake\share\cmake-4.3\Modules\Compiler\Diab-DetermineCompiler.cmake C$:\Program$ Files\CMake\share\cmake-4.3\Modules\Compiler\Embarcadero-DetermineCompiler.cmake C$:\Program$ Files\CMake\share\cmake-4.3\Modules\Compiler\Fujitsu-DetermineCompiler.cmake C$:\Program$ Files\CMake\share\cmake-4.3\Modules\Compiler\FujitsuClang-DetermineCompiler.cmake C$:\Program$ Files\CMake\share\cmake-4.3\Modules\Compiler\GHS-DetermineCompiler.cmake C$:\Program$ Files\CMake\share\cmake-4.3\Modules\Compiler\GNU-CXX-DetermineCompiler.cmake C$:\Program$ Files\CMake\share\cmake-4.3\Modules\Compiler\HP-CXX-DetermineCompiler.cmake C$:\Program$ Files\CMake\share\cmake-4.3\Modules\Compiler\IAR-DetermineCompiler.cmake C$:\Program$ Files\CMake\share\cmake-4.3\Modules\Compiler\IBMCPP-CXX-DetermineVersionInternal.cmake C$:\Program$ Files\CMake\share\cmake-4.3\Modules\Compiler\IBMClang-CXX-DetermineCompiler.cmake C$:\Program$ Files\CMake\share\cmake-4.3\Modules\Compiler\Intel-DetermineCompiler.cmake C$:\Program$ Files\CMake\share\cmake-4.3\Modules\Compiler\IntelLLVM-DetermineCompiler.cmake C$:\Program$ Files\CMake\share\cmake-4.3\Modules\Compiler\LCC-CXX-DetermineCompiler.cmake C$:\Program$ Files\CMake\share\cmake-4.3\Modules\Compiler\MSVC-CXX-CXXImportStd.cmake C$:\Program$ Files\CMake\share\cmake-4.3\Modules\Compiler\MSVC-CXX.cmake C$:\Program$ Files\CMake\share\cmake-4.3\Modules\Compiler\MSVC-DetermineCompiler.cmake C$:\Program$ Files\CMake\share\cmake-4.3\Modules\Compiler\MSVC.cmake C$:\Program$ Files\CMake\share\cmake-4.3\Modules\Compiler\NVHPC-DetermineCompiler.cmake C$:\Program$ Files\CMake\share\cmake-4.3\Modules\Compiler\NVIDIA-DetermineCompiler.cmake C$:\Program$ Files\CMake\share\cmake-4.3\Modules\Compiler\OpenWatcom-DetermineCompiler.cmake C$:\Program$ Files\CMake\share\cmake-4.3\Modules\Compiler\OrangeC-DetermineCompiler.cmake C$:\Program$ Files\CMake\share\cmake-4.3\Modules\Compiler\PGI-DetermineCompiler.cmake C$:\Program$ Files\CMake\share\cmake-4.3\Modules\Compiler\PathScale-DetermineCompiler.cmake C$:\Program$ Files\CMake\share\cmake-4.3\Modules\Compiler\Renesas-DetermineCompiler.cmake C$:\Program$ Files\CMake\share\cmake-4.3\Modules\Compiler\SCO-DetermineCompiler.cmake C$:\Program$ Files\CMake\share\cmake-4.3\Modules\Compiler\SunPro-CXX-DetermineCompiler.cmake C$:\Program$ Files\CMake\share\cmake-4.3\Modules\Compiler\TI-DetermineCompiler.cmake C$:\Program$ Files\CMake\share\cmake-4.3\Modules\Compiler\TIClang-DetermineCompiler.cmake C$:\Program$ Files\CMake\share\cmake-4.3\Modules\Compiler\Tasking-DetermineCompiler.cmake C$:\Program$ Files\CMake\share\cmake-4.3\Modules\Compiler\VisualAge-CXX-DetermineCompiler.cmake C$:\Program$ Files\CMake\share\cmake-4.3\Modules\Compiler\Watcom-DetermineCompiler.cmake C$:\Program$ Files\CMake\share\cmake-4.3\Modules\Compiler\XL-CXX-DetermineCompiler.cmake C$:\Program$ Files\CMake\share\cmake-4.3\Modules\Compiler\XLClang-CXX-DetermineCompiler.cmake C$:\Program$ Files\CMake\share\cmake-4.3\Modules\Compiler\zOS-CXX-DetermineCompiler.cmake C$:\Program$ Files\CMake\share\cmake-4.3\Modules\DartConfiguration.tcl.in C$:\Program$ Files\CMake\share\cmake-4.3\Modules\ExternalProject\shared_internal_commands.cmake C$:\Program$ Files\CMake\share\cmake-4.3\Modules\FetchContent.cmake C$:\Program$ Files\CMake\share\cmake-4.3\Modules\FindDoxygen.cmake C$:\Program$ Files\CMake\share\cmake-4.3\Modules\FindPackageHandleStandardArgs.cmake C$:\Program$ Files\CMake\share\cmake-4.3\Modules\FindPackageMessage.cmake C$:\Program$ Files\CMake\share\cmake-4.3\Modules\GNUInstallDirs.cmake C$:\Program$ Files\CMake\share\cmake-4.3\Modules\Internal\CMakeCXXLinkerInformation.cmake C$:\Program$ Files\CMake\share\cmake-4.3\Modules\Internal\CMakeCommonLinkerInformation.cmake C$:\Program$ Files\CMake\share\cmake-4.3\Modules\Internal\CMakeDetermineLinkerId.cmake C$:\Program$ Files\CMake\share\cmake-4.3\Modules\Internal\CMakeInspectCXXLinker.cmake C$:\Program$ Files\CMake\share\cmake-4.3\Modules\Internal\FeatureTesting.cmake C$:\Program$ Files\CMake\share\cmake-4.3\Modules\Linker\MSVC-CXX.cmake C$:\Program$ Files\CMake\share\cmake-4.3\Modules\Linker\MSVC.cmake C$:\Program$ Files\CMake\share\cmake-4.3\Modules\Platform\Linker\Windows-MSVC-CXX.cmake C$:\Program$ Files\CMake\share\cmake-4.3\Modules\Platform\Linker\Windows-MSVC.cmake C$:\Program$ Files\CMake\share\cmake-4.3\Modules\Platform\Windows-Determine-CXX.cmake C$:\Program$ Files\CMake\share\cmake-4.3\Modules\Platform\Windows-Initialize.cmake C$:\Program$ Files\CMake\share\cmake-4.3\Modules\Platform\Windows-MSVC-CXX.cmake C$:\Program$ Files\CMake\share\cmake-4.3\Modules\Platform\Windows-MSVC.cmake C$:\Program$ Files\CMake\share\cmake-4.3\Modules\Platform\Windows.cmake C$:\Program$ Files\CMake\share\cmake-4.3\Modules\Platform\WindowsPaths.cmake C$:\Program$ Files\CMake\share\cmake-4.3\Templates\CPackConfig.cmake.in C$:\Program$ Files\CMake\share\cmake-4.3\Templates\CTestScript.cmake.in C$:\Program$ Files\Microsoft$ Visual$ Studio\18\Community\VC\vcpkg\scripts\buildsystems\vcpkg.cmake C$:\Program$ Files\Microsoft$ Visual$ Studio\18\Community\VC\vcpkg\scripts\toolchains\windows.cmake C$:\Projects\l4-loadbalancer\vcpkg_installed\vcpkg\blds\cli11\src\v2.6.2-f0d9462a16.clean\CMakeLists.txt C$:\Projects\l4-loadbalancer\vcpkg_installed\vcpkg\blds\cli11\src\v2.6.2-f0d9462a16.clean\book\CMakeLists.txt C$:\Projects\l4-loadbalancer\vcpkg_installed\vcpkg\blds\cli11\src\v2.6.2-f0d9462a16.clean\cmake\CLI11ConfigVersion.cmake.in C$:\Projects\l4-loadbalancer\vcpkg_installed\vcpkg\blds\cli11\src\v2.6.2-f0d9462a16.clean\cmake\CLI11GeneratePkgConfig.cmake C$:\Projects\l4-loadbalancer\vcpkg_installed\vcpkg\blds\cli11\src\v2.6.2-f0d9462a16.clean\cmake\CLI11Warnings.cmake C$:\Projects\l4-loadbalancer\vcpkg_installed\vcpkg\blds\cli11\src\v2.6.2-f0d9462a16.clean\cmake\CLI11precompiled.pc.in C$:\Projects\l4-loadbalancer\vcpkg_installed\vcpkg\blds\cli11\src\v2.6.2-f0d9462a16.clean\fuzz\CMakeLists.txt C$:\Projects\l4-loadbalancer\vcpkg_installed\vcpkg\blds\cli11\src\v2.6.2-f0d9462a16.clean\single-include\CMakeLists.txt C$:\Projects\l4-loadbalancer\vcpkg_installed\vcpkg\blds\cli11\src\v2.6.2-f0d9462a16.clean\src\CMakeLists.txt CMakeCache.txt CMakeFiles\4.3.1\CMakeCXXCompiler.cmake CMakeFiles\4.3.1\CMakeRCCompiler.cmake CMakeFiles\4.3.1\CMakeSystem.cmake
  pool = console


#############################################
# A missing CMake input file is not an error.

build C$:\Program$ Files\CMake\share\cmake-4.3\Modules\CMakeCXXCompiler.cmake.in C$:\Program$ Files\CMake\share\cmake-4.3\Modules\CMakeCXXCompilerABI.cpp C$:\Program$ Files\CMake\share\cmake-4.3\Modules\CMakeCXXInformation.cmake C$:\Program$ Files\CMake\share\cmake-4.3\Modules\CMakeCommonLanguageInclude.cmake C$:\Program$ Files\CMake\share\cmake-4.3\Modules\CMakeCompilerIdDetection.cmake C$:\Program$ Files\CMake\share\cmake-4.3\Modules\CMakeDependentOption.cmake C$:\Program$ Files\CMake\share\cmake-4.3\Modules\CMakeDetermineCXXCompiler.cmake C$:\Program$ Files\CMake\share\cmake-4.3\Modules\CMakeDetermineCompiler.cmake C$:\Program$ Files\CMake\share\cmake-4.3\Modules\CMakeDetermineCompilerABI.cmake C$:\Program$ Files\CMake\share\cmake-4.3\Modules\CMakeDetermineCompilerId.cmake C$:\Program$ Files\CMake\share\cmake-4.3\Modules\CMakeDetermineCompilerSupport.cmake C$:\Program$ Files\CMake\share\cmake-4.3\Modules\CMakeDetermineRCCompiler.cmake C$:\Program$ Files\CMake\share\cmake-4.3\Modules\CMakeDetermineSystem.cmake C$:\Program$ Files\CMake\share\cmake-4.3\Modules\CMakeFindBinUtils.cmake C$:\Program$ Files\CMake\share\cmake-4.3\Modules\CMakeGenericSystem.cmake C$:\Program$ Files\CMake\share\cmake-4.3\Modules\CMakeInitializeConfigs.cmake C$:\Program$ Files\CMake\share\cmake-4.3\Modules\CMakeLanguageInformation.cmake C$:\Program$ Files\CMake\share\cmake-4.3\Modules\CMakeParseImplicitIncludeInfo.cmake C$:\Program$ Files\CMake\share\cmake-4.3\Modules\CMakeParseImplicitLinkInfo.cmake C$:\Program$ Files\CMake\share\cmake-4.3\Modules\CMakeParseLibraryArchitecture.cmake C$:\Program$ Files\CMake\share\cmake-4.3\Modules\CMakeRCCompiler.cmake.in C$:\Program$ Files\CMake\share\cmake-4.3\Modules\CMakeRCInformation.cmake C$:\Program$ Files\CMake\share\cmake-4.3\Modules\CMakeSystem.cmake.in C$:\Program$ Files\CMake\share\cmake-4.3\Modules\CMakeSystemSpecificInformation.cmake C$:\Program$ Files\CMake\share\cmake-4.3\Modules\CMakeSystemSpecificInitialize.cmake C$:\Program$ Files\CMake\share\cmake-4.3\Modules\CMakeTestCXXCompiler.cmake C$:\Program$ Files\CMake\share\cmake-4.3\Modules\CMakeTestCompilerCommon.cmake C$:\Program$ Files\CMake\share\cmake-4.3\Modules\CMakeTestRCCompiler.cmake C$:\Program$ Files\CMake\share\cmake-4.3\Modules\CPack.cmake C$:\Program$ Files\CMake\share\cmake-4.3\Modules\CPackComponent.cmake C$:\Program$ Files\CMake\share\cmake-4.3\Modules\CTest.cmake C$:\Program$ Files\CMake\share\cmake-4.3\Modules\CTestTargets.cmake C$:\Program$ Files\CMake\share\cmake-4.3\Modules\CTestUseLaunchers.cmake C$:\Program$ Files\CMake\share\cmake-4.3\Modules\Compiler\ADSP-DetermineCompiler.cmake C$:\Program$ Files\CMake\share\cmake-4.3\Modules\Compiler\ARMCC-DetermineCompiler.cmake C$:\Program$ Files\CMake\share\cmake-4.3\Modules\Compiler\ARMClang-DetermineCompiler.cmake C$:\Program$ Files\CMake\share\cmake-4.3\Modules\Compiler\AppleClang-DetermineCompiler.cmake C$:\Program$ Files\CMake\share\cmake-4.3\Modules\Compiler\Borland-DetermineCompiler.cmake C$:\Program$ Files\CMake\share\cmake-4.3\Modules\Compiler\CMakeCommonCompilerMacros.cmake C$:\Program$ Files\CMake\share\cmake-4.3\Modules\Compiler\Clang-DetermineCompiler.cmake C$:\Program$ Files\CMake\share\cmake-4.3\Modules\Compiler\Clang-DetermineCompilerInternal.cmake C$:\Program$ Files\CMake\share\cmake-4.3\Modules\Compiler\Compaq-CXX-DetermineCompiler.cmake C$:\Program$ Files\CMake\share\cmake-4.3\Modules\Compiler\Cray-DetermineCompiler.cmake C$:\Program$ Files\CMake\share\cmake-4.3\Modules\Compiler\CrayClang-DetermineCompiler.cmake C$:\Program$ Files\CMake\share\cmake-4.3\Modules\Compiler\Diab-DetermineCompiler.cmake C$:\Program$ Files\CMake\share\cmake-4.3\Modules\Compiler\Embarcadero-DetermineCompiler.cmake C$:\Program$ Files\CMake\share\cmake-4.3\Modules\Compiler\Fujitsu-DetermineCompiler.cmake C$:\Program$ Files\CMake\share\cmake-4.3\Modules\Compiler\FujitsuClang-DetermineCompiler.cmake C$:\Program$ Files\CMake\share\cmake-4.3\Modules\Compiler\GHS-DetermineCompiler.cmake C$:\Program$ Files\CMake\share\cmake-4.3\Modules\Compiler\GNU-CXX-DetermineCompiler.cmake C$:\Program$ Files\CMake\share\cmake-4.3\Modules\Compiler\HP-CXX-DetermineCompiler.cmake C$:\Program$ Files\CMake\share\cmake-4.3\Modules\Compiler\IAR-DetermineCompiler.cmake C$:\Program$ Files\CMake\share\cmake-4.3\Modules\Compiler\IBMCPP-CXX-DetermineVersionInternal.cmake C$:\Program$ Files\CMake\share\cmake-4.3\Modules\Compiler\IBMClang-CXX-DetermineCompiler.cmake C$:\Program$ Files\CMake\share\cmake-4.3\Modules\Compiler\Intel-DetermineCompiler.cmake C$:\Program$ Files\CMake\share\cmake-4.3\Modules\Compiler\IntelLLVM-DetermineCompiler.cmake C$:\Program$ Files\CMake\share\cmake-4.3\Modules\Compiler\LCC-CXX-DetermineCompiler.cmake C$:\Program$ Files\CMake\share\cmake-4.3\Modules\Compiler\MSVC-CXX-CXXImportStd.cmake C$:\Program$ Files\CMake\share\cmake-4.3\Modules\Compiler\MSVC-CXX.cmake C$:\Program$ Files\CMake\share\cmake-4.3\Modules\Compiler\MSVC-DetermineCompiler.cmake C$:\Program$ Files\CMake\share\cmake-4.3\Modules\Compiler\MSVC.cmake C$:\Program$ Files\CMake\share\cmake-4.3\Modules\Compiler\NVHPC-DetermineCompiler.cmake C$:\Program$ Files\CMake\share\cmake-4.3\Modules\Compiler\NVIDIA-DetermineCompiler.cmake C$:\Program$ Files\CMake\share\cmake-4.3\Modules\Compiler\OpenWatcom-DetermineCompiler.cmake C$:\Program$ Files\CMake\share\cmake-4.3\Modules\Compiler\OrangeC-DetermineCompiler.cmake C$:\Program$ Files\CMake\share\cmake-4.3\Modules\Compiler\PGI-DetermineCompiler.cmake C$:\Program$ Files\CMake\share\cmake-4.3\Modules\Compiler\PathScale-DetermineCompiler.cmake C$:\Program$ Files\CMake\share\cmake-4.3\Modules\Compiler\Renesas-DetermineCompiler.cmake C$:\Program$ Files\CMake\share\cmake-4.3\Modules\Compiler\SCO-DetermineCompiler.cmake C$:\Program$ Files\CMake\share\cmake-4.3\Modules\Compiler\SunPro-CXX-DetermineCompiler.cmake C$:\Program$ Files\CMake\share\cmake-4.3\Modules\Compiler\TI-DetermineCompiler.cmake C$:\Program$ Files\CMake\share\cmake-4.3\Modules\Compiler\TIClang-DetermineCompiler.cmake C$:\Program$ Files\CMake\share\cmake-4.3\Modules\Compiler\Tasking-DetermineCompiler.cmake C$:\Program$ Files\CMake\share\cmake-4.3\Modules\Compiler\VisualAge-CXX-DetermineCompiler.cmake C$:\Program$ Files\CMake\share\cmake-4.3\Modules\Compiler\Watcom-DetermineCompiler.cmake C$:\Program$ Files\CMake\share\cmake-4.3\Modules\Compiler\XL-CXX-DetermineCompiler.cmake C$:\Program$ Files\CMake\share\cmake-4.3\Modules\Compiler\XLClang-CXX-DetermineCompiler.cmake C$:\Program$ Files\CMake\share\cmake-4.3\Modules\Compiler\zOS-CXX-DetermineCompiler.cmake C$:\Program$ Files\CMake\share\cmake-4.3\Modules\DartConfiguration.tcl.in C$:\Program$ Files\CMake\share\cmake-4.3\Modules\ExternalProject\shared_internal_commands.cmake C$:\Program$ Files\CMake\share\cmake-4.3\Modules\FetchContent.cmake C$:\Program$ Files\CMake\share\cmake-4.3\Modules\FindDoxygen.cmake C$:\Program$ Files\CMake\share\cmake-4.3\Modules\FindPackageHandleStandardArgs.cmake C$:\Program$ Files\CMake\share\cmake-4.3\Modules\FindPackageMessage.cmake C$:\Program$ Files\CMake\share\cmake-4.3\Modules\GNUInstallDirs.cmake C$:\Program$ Files\CMake\share\cmake-4.3\Modules\Internal\CMakeCXXLinkerInformation.cmake C$:\Program$ Files\CMake\share\cmake-4.3\Modules\Internal\CMakeCommonLinkerInformation.cmake C$:\Program$ Files\CMake\share\cmake-4.3\Modules\Internal\CMakeDetermineLinkerId.cmake C$:\Program$ Files\CMake\share\cmake-4.3\Modules\Internal\CMakeInspectCXXLinker.cmake C$:\Program$ Files\CMake\share\cmake-4.3\Modules\Internal\FeatureTesting.cmake C$:\Program$ Files\CMake\share\cmake-4.3\Modules\Linker\MSVC-CXX.cmake C$:\Program$ Files\CMake\share\cmake-4.3\Modules\Linker\MSVC.cmake C$:\Program$ Files\CMake\share\cmake-4.3\Modules\Platform\Linker\Windows-MSVC-CXX.cmake C$:\Program$ Files\CMake\share\cmake-4.3\Modules\Platform\Linker\Windows-MSVC.cmake C$:\Program$ Files\CMake\share\cmake-4.3\Modules\Platform\Windows-Determine-CXX.cmake C$:\Program$ Files\CMake\share\cmake-4.3\Modules\Platform\Windows-Initialize.cmake C$:\Program$ Files\CMake\share\cmake-4.3\Modules\Platform\Windows-MSVC-CXX.cmake C$:\Program$ Files\CMake\share\cmake-4.3\Modules\Platform\Windows-MSVC.cmake C$:\Program$ Files\CMake\share\cmake-4.3\Modules\Platform\Windows.cmake C$:\Program$ Files\CMake\share\cmake-4.3\Modules\Platform\WindowsPaths.cmake C$:\Program$ Files\CMake\share\cmake-4.3\Templates\CPackConfig.cmake.in C$:\Program$ Files\CMake\share\cmake-4.3\Templates\CTestScript.cmake.in C$:\Program$ Files\Microsoft$ Visual$ Studio\18\Community\VC\vcpkg\scripts\buildsystems\vcpkg.cmake C$:\Program$ Files\Microsoft$ Visual$ Studio\18\Community\VC\vcpkg\scripts\toolchains\windows.cmake C$:\Projects\l4-loadbalancer\vcpkg_installed\vcpkg\blds\cli11\src\v2.6.2-f0d9462a16.clean\CMakeLists.txt C$:\Projects\l4-loadbalancer\vcpkg_installed\vcpkg\blds\cli11\src\v2.6.2-f0d9462a16.clean\book\CMakeLists.txt C$:\Projects\l4-loadbalancer\vcpkg_installed\vcpkg\blds\cli11\src\v2.6.2-f0d9462a16.clean\cmake\CLI11ConfigVersion.cmake.in C$:\Projects\l4-loadbalancer\vcpkg_installed\vcpkg\blds\cli11\src\v2.6.2-f0d9462a16.clean\cmake\CLI11GeneratePkgConfig.cmake C$:\Projects\l4-loadbalancer\vcpkg_installed\vcpkg\blds\cli11\src\v2.6.2-f0d9462a16.clean\cmake\CLI11Warnings.cmake C$:\Projects\l4-loadbalancer\vcpkg_installed\vcpkg\blds\cli11\src\v2.6.2-f0d9462a16.clean\cmake\CLI11precompiled.pc.in C$:\Projects\l4-loadbalancer\vcpkg_installed\vcpkg\blds\cli11\src\v2.6.2-f0d9462a16.clean\fuzz\CMakeLists.txt C$:\Projects\l4-loadbalancer\vcpkg_installed\vcpkg\blds\cli11\src\v2.6.2-f0d9462a16.clean\single-include\CMakeLists.txt C$:\Projects\l4-loadbalancer\vcpkg_installed\vcpkg\blds\cli11\src\v2.6.2-f0d9462a16.clean\src\CMakeLists.txt CMakeCache.txt CMakeFiles\4.3.1\CMakeCXXCompiler.cmake CMakeFiles\4.3.1\CMakeRCCompiler.cmake CMakeFiles\4.3.1\CMakeSystem.cmake: phony


#############################################
# Clean all the built files.

build clean: CLEAN


#############################################
# Print all primary targets available.

build help: HELP


#############################################
# Make the all target the default.

default all
