Change Dir: 'C:/Projects/l4-loadbalancer/vcpkg_installed/vcpkg/blds/boost-unordered/x64-windows-rel'

Run Build Command(s): "C:/Users/MRATUNJAI SINGH/AppData/Local/vcpkg/downloads/tools/ninja/1.13.1-windows/ninja.exe" -v -v -j9 install
[0/1] C:\Windows\system32\cmd.exe /C "cd /D C:\Projects\l4-loadbalancer\vcpkg_installed\vcpkg\blds\boost-unordered\x64-windows-rel && "C:\Program Files\CMake\bin\cmake.exe" -P cmake_install.cmake"
-- Install configuration: "Release"
-- Installing: C:/Projects/l4-loadbalancer/vcpkg_installed/vcpkg/pkgs/boost-unordered_x64-windows/include
-- Installing: C:/Projects/l4-loadbalancer/vcpkg_installed/vcpkg/pkgs/boost-unordered_x64-windows/include/boost
-- Installing: C:/Projects/l4-loadbalancer/vcpkg_installed/vcpkg/pkgs/boost-unordered_x64-windows/include/boost/unordered
-- Installing: C:/Projects/l4-loadbalancer/vcpkg_installed/vcpkg/pkgs/boost-unordered_x64-windows/include/boost/unordered/concurrent_flat_map.hpp
-- Installing: C:/Projects/l4-loadbalancer/vcpkg_installed/vcpkg/pkgs/boost-unordered_x64-windows/include/boost/unordered/concurrent_flat_map_fwd.hpp
-- Installing: C:/Projects/l4-loadbalancer/vcpkg_installed/vcpkg/pkgs/boost-unordered_x64-windows/include/boost/unordered/concurrent_flat_set.hpp
-- Installing: C:/Projects/l4-loadbalancer/vcpkg_installed/vcpkg/pkgs/boost-unordered_x64-windows/include/boost/unordered/concurrent_flat_set_fwd.hpp
-- Installing: C:/Projects/l4-loadbalancer/vcpkg_installed/vcpkg/pkgs/boost-unordered_x64-windows/include/boost/unordered/concurrent_node_map.hpp
-- Installing: C:/Projects/l4-loadbalancer/vcpkg_installed/vcpkg/pkgs/boost-unordered_x64-windows/include/boost/unordered/concurrent_node_map_fwd.hpp
-- Installing: C:/Projects/l4-loadbalancer/vcpkg_installed/vcpkg/pkgs/boost-unordered_x64-windows/include/boost/unordered/concurrent_node_set.hpp
-- Installing: C:/Projects/l4-loadbalancer/vcpkg_installed/vcpkg/pkgs/boost-unordered_x64-windows/include/boost/unordered/concurrent_node_set_fwd.hpp
-- Installing: C:/Projects/l4-loadbalancer/vcpkg_installed/vcpkg/pkgs/boost-unordered_x64-windows/include/boost/unordered/detail
-- Installing: C:/Projects/l4-loadbalancer/vcpkg_installed/vcpkg/pkgs/boost-unordered_x64-windows/include/boost/unordered/detail/allocator_constructed.hpp
-- Installing: C:/Projects/l4-loadbalancer/vcpkg_installed/vcpkg/pkgs/boost-unordered_x64-windows/include/boost/unordered/detail/archive_constructed.hpp
-- Installing: C:/Projects/l4-loadbalancer/vcpkg_installed/vcpkg/pkgs/boost-unordered_x64-windows/include/boost/unordered/detail/bad_archive_exception.hpp
-- Installing: C:/Projects/l4-loadbalancer/vcpkg_installed/vcpkg/pkgs/boost-unordered_x64-windows/include/boost/unordered/detail/concurrent_static_asserts.hpp
-- Installing: C:/Projects/l4-loadbalancer/vcpkg_installed/vcpkg/pkgs/boost-unordered_x64-windows/include/boost/unordered/detail/fca.hpp
-- Installing: C:/Projects/l4-loadbalancer/vcpkg_installed/vcpkg/pkgs/boost-unordered_x64-windows/include/boost/unordered/detail/foa
-- Installing: C:/Projects/l4-loadbalancer/vcpkg_installed/vcpkg/pkgs/boost-unordered_x64-windows/include/boost/unordered/detail/foa/concurrent_table.hpp
-- Installing: C:/Projects/l4-loadbalancer/vcpkg_installed/vcpkg/pkgs/boost-unordered_x64-windows/include/boost/unordered/detail/foa/core.hpp
-- Installing: C:/Projects/l4-loadbalancer/vcpkg_installed/vcpkg/pkgs/boost-unordered_x64-windows/include/boost/unordered/detail/foa/cumulative_stats.hpp
-- Installing: C:/Projects/l4-loadbalancer/vcpkg_installed/vcpkg/pkgs/boost-unordered_x64-windows/include/boost/unordered/detail/foa/element_type.hpp
-- Installing: C:/Projects/l4-loadbalancer/vcpkg_installed/vcpkg/pkgs/boost-unordered_x64-windows/include/boost/unordered/detail/foa/flat_map_types.hpp
-- Installing: C:/Projects/l4-loadbalancer/vcpkg_installed/vcpkg/pkgs/boost-unordered_x64-windows/include/boost/unordered/detail/foa/flat_set_types.hpp
-- Installing: C:/Projects/l4-loadbalancer/vcpkg_installed/vcpkg/pkgs/boost-unordered_x64-windows/include/boost/unordered/detail/foa/ignore_wshadow.hpp
-- Installing: C:/Projects/l4-loadbalancer/vcpkg_installed/vcpkg/pkgs/boost-unordered_x64-windows/include/boost/unordered/detail/foa/node_handle.hpp
-- Installing: C:/Projects/l4-loadbalancer/vcpkg_installed/vcpkg/pkgs/boost-unordered_x64-windows/include/boost/unordered/detail/foa/node_map_handle.hpp
-- Installing: C:/Projects/l4-loadbalancer/vcpkg_installed/vcpkg/pkgs/boost-unordered_x64-windows/include/boost/unordered/detail/foa/node_map_types.hpp
-- Installing: C:/Projects/l4-loadbalancer/vcpkg_installed/vcpkg/pkgs/boost-unordered_x64-windows/include/boost/unordered/detail/foa/node_set_handle.hpp
-- Installing: C:/Projects/l4-loadbalancer/vcpkg_installed/vcpkg/pkgs/boost-unordered_x64-windows/include/boost/unordered/detail/foa/node_set_types.hpp
-- Installing: C:/Projects/l4-loadbalancer/vcpkg_installed/vcpkg/pkgs/boost-unordered_x64-windows/include/boost/unordered/detail/foa/reentrancy_check.hpp
-- Installing: C:/Projects/l4-loadbalancer/vcpkg_installed/vcpkg/pkgs/boost-unordered_x64-windows/include/boost/unordered/detail/foa/restore_wshadow.hpp
-- Installing: C:/Projects/l4-loadbalancer/vcpkg_installed/vcpkg/pkgs/boost-unordered_x64-windows/include/boost/unordered/detail/foa/rw_spinlock.hpp
-- Installing: C:/Projects/l4-loadbalancer/vcpkg_installed/vcpkg/pkgs/boost-unordered_x64-windows/include/boost/unordered/detail/foa/table.hpp
-- Installing: C:/Projects/l4-loadbalancer/vcpkg_installed/vcpkg/pkgs/boost-unordered_x64-windows/include/boost/unordered/detail/foa/tuple_rotate_right.hpp
-- Installing: C:/Projects/l4-loadbalancer/vcpkg_installed/vcpkg/pkgs/boost-unordered_x64-windows/include/boost/unordered/detail/foa/types_constructibility.hpp
-- Installing: C:/Projects/l4-loadbalancer/vcpkg_installed/vcpkg/pkgs/boost-unordered_x64-windows/include/boost/unordered/detail/implementation.hpp
-- Installing: C:/Projects/l4-loadbalancer/vcpkg_installed/vcpkg/pkgs/boost-unordered_x64-windows/include/boost/unordered/detail/map.hpp
-- Installing: C:/Projects/l4-loadbalancer/vcpkg_installed/vcpkg/pkgs/boost-unordered_x64-windows/include/boost/unordered/detail/mulx.hpp
-- Installing: C:/Projects/l4-loadbalancer/vcpkg_installed/vcpkg/pkgs/boost-unordered_x64-windows/include/boost/unordered/detail/narrow_cast.hpp
-- Installing: C:/Projects/l4-loadbalancer/vcpkg_installed/vcpkg/pkgs/boost-unordered_x64-windows/include/boost/unordered/detail/opt_storage.hpp
-- Installing: C:/Projects/l4-loadbalancer/vcpkg_installed/vcpkg/pkgs/boost-unordered_x64-windows/include/boost/unordered/detail/prime_fmod.hpp
-- Installing: C:/Projects/l4-loadbalancer/vcpkg_installed/vcpkg/pkgs/boost-unordered_x64-windows/include/boost/unordered/detail/serialization_version.hpp
-- Installing: C:/Projects/l4-loadbalancer/vcpkg_installed/vcpkg/pkgs/boost-unordered_x64-windows/include/boost/unordered/detail/serialize_container.hpp
-- Installing: C:/Projects/l4-loadbalancer/vcpkg_installed/vcpkg/pkgs/boost-unordered_x64-windows/include/boost/unordered/detail/serialize_fca_container.hpp
-- Installing: C:/Projects/l4-loadbalancer/vcpkg_installed/vcpkg/pkgs/boost-unordered_x64-windows/include/boost/unordered/detail/serialize_tracked_address.hpp
-- Installing: C:/Projects/l4-loadbalancer/vcpkg_installed/vcpkg/pkgs/boost-unordered_x64-windows/include/boost/unordered/detail/set.hpp
-- Installing: C:/Projects/l4-loadbalancer/vcpkg_installed/vcpkg/pkgs/boost-unordered_x64-windows/include/boost/unordered/detail/static_assert.hpp
-- Installing: C:/Projects/l4-loadbalancer/vcpkg_installed/vcpkg/pkgs/boost-unordered_x64-windows/include/boost/unordered/detail/throw_exception.hpp
-- Installing: C:/Projects/l4-loadbalancer/vcpkg_installed/vcpkg/pkgs/boost-unordered_x64-windows/include/boost/unordered/detail/type_traits.hpp
-- Installing: C:/Projects/l4-loadbalancer/vcpkg_installed/vcpkg/pkgs/boost-unordered_x64-windows/include/boost/unordered/detail/unordered_printers.hpp
-- Installing: C:/Projects/l4-loadbalancer/vcpkg_installed/vcpkg/pkgs/boost-unordered_x64-windows/include/boost/unordered/detail/xmx.hpp
-- Installing: C:/Projects/l4-loadbalancer/vcpkg_installed/vcpkg/pkgs/boost-unordered_x64-windows/include/boost/unordered/hash_traits.hpp
-- Installing: C:/Projects/l4-loadbalancer/vcpkg_installed/vcpkg/pkgs/boost-unordered_x64-windows/include/boost/unordered/unordered_flat_map.hpp
-- Installing: C:/Projects/l4-loadbalancer/vcpkg_installed/vcpkg/pkgs/boost-unordered_x64-windows/include/boost/unordered/unordered_flat_map_fwd.hpp
-- Installing: C:/Projects/l4-loadbalancer/vcpkg_installed/vcpkg/pkgs/boost-unordered_x64-windows/include/boost/unordered/unordered_flat_set.hpp
-- Installing: C:/Projects/l4-loadbalancer/vcpkg_installed/vcpkg/pkgs/boost-unordered_x64-windows/include/boost/unordered/unordered_flat_set_fwd.hpp
-- Installing: C:/Projects/l4-loadbalancer/vcpkg_installed/vcpkg/pkgs/boost-unordered_x64-windows/include/boost/unordered/unordered_map.hpp
-- Installing: C:/Projects/l4-loadbalancer/vcpkg_installed/vcpkg/pkgs/boost-unordered_x64-windows/include/boost/unordered/unordered_map_fwd.hpp
-- Installing: C:/Projects/l4-loadbalancer/vcpkg_installed/vcpkg/pkgs/boost-unordered_x64-windows/include/boost/unordered/unordered_node_map.hpp
-- Installing: C:/Projects/l4-loadbalancer/vcpkg_installed/vcpkg/pkgs/boost-unordered_x64-windows/include/boost/unordered/unordered_node_map_fwd.hpp
-- Installing: C:/Projects/l4-loadbalancer/vcpkg_installed/vcpkg/pkgs/boost-unordered_x64-windows/include/boost/unordered/unordered_node_set.hpp
-- Installing: C:/Projects/l4-loadbalancer/vcpkg_installed/vcpkg/pkgs/boost-unordered_x64-windows/include/boost/unordered/unordered_node_set_fwd.hpp
-- Installing: C:/Projects/l4-loadbalancer/vcpkg_installed/vcpkg/pkgs/boost-unordered_x64-windows/include/boost/unordered/unordered_set.hpp
-- Installing: C:/Projects/l4-loadbalancer/vcpkg_installed/vcpkg/pkgs/boost-unordered_x64-windows/include/boost/unordered/unordered_set_fwd.hpp
-- Installing: C:/Projects/l4-loadbalancer/vcpkg_installed/vcpkg/pkgs/boost-unordered_x64-windows/include/boost/unordered_map.hpp
-- Installing: C:/Projects/l4-loadbalancer/vcpkg_installed/vcpkg/pkgs/boost-unordered_x64-windows/include/boost/unordered_set.hpp
-- Installing: C:/Projects/l4-loadbalancer/vcpkg_installed/vcpkg/pkgs/boost-unordered_x64-windows/share/boost-1.90.0/unordered
-- Installing: C:/Projects/l4-loadbalancer/vcpkg_installed/vcpkg/pkgs/boost-unordered_x64-windows/share/boost-1.90.0/unordered/boost_unordered.natvis
-- Installing: C:/Projects/l4-loadbalancer/vcpkg_installed/vcpkg/pkgs/boost-unordered_x64-windows/share/boost-1.90.0/unordered/boost_unordered_printers.py
-- Installing: C:/Projects/l4-loadbalancer/vcpkg_installed/vcpkg/pkgs/boost-unordered_x64-windows/lib/cmake/boost_unordered-1.90.0/boost_unordered-targets.cmake
-- Installing: C:/Projects/l4-loadbalancer/vcpkg_installed/vcpkg/pkgs/boost-unordered_x64-windows/lib/cmake/boost_unordered-1.90.0/boost_unordered-config.cmake
-- Installing: C:/Projects/l4-loadbalancer/vcpkg_installed/vcpkg/pkgs/boost-unordered_x64-windows/lib/cmake/boost_unordered-1.90.0/boost_unordered-config-version.cmake

